[2022-05-31T14:30:16.016Z] [org.springframework.boot.StartupInfoLogger] [restartedMain] [55] [INFO ]
				Starting FirstSpringBootRestCrudApplication using Java 17.0.2 on DESKTOP-MO3C6OQ with PID 852 (C:\New folder\interview\target\classes started by ADMIN in C:\New folder\interview)
[2022-05-31T14:30:16.016Z] [org.springframework.boot.SpringApplication] [restartedMain] [634] [INFO ]
				No active profile set, falling back to 1 default profile: "default"
[2022-05-31T14:30:16.016Z] [org.springframework.data.repository.config.RepositoryConfigurationDelegate] [restartedMain] [132] [INFO ]
				Bootstrapping Spring Data JPA repositories in DEFAULT mode.
[2022-05-31T14:30:16.016Z] [org.springframework.data.repository.config.RepositoryConfigurationDelegate] [restartedMain] [201] [INFO ]
				Finished Spring Data repository scanning in 35 ms. Found 5 JPA repository interfaces.
[2022-05-31T14:30:16.016Z] [org.springframework.boot.web.embedded.tomcat.TomcatWebServer] [restartedMain] [108] [INFO ]
				Tomcat initialized with port(s): 13050 (http)
[2022-05-31T14:30:16.016Z] [org.apache.juli.logging.DirectJDKLog] [restartedMain] [173] [INFO ]
				Starting service [Tomcat]
[2022-05-31T14:30:16.016Z] [org.apache.juli.logging.DirectJDKLog] [restartedMain] [173] [INFO ]
				Starting Servlet engine: [Apache Tomcat/9.0.63]
[2022-05-31T14:30:16.016Z] [org.apache.juli.logging.DirectJDKLog] [restartedMain] [173] [INFO ]
				Initializing Spring embedded WebApplicationContext
[2022-05-31T14:30:16.016Z] [org.springframework.boot.web.servlet.context.ServletWebServerApplicationContext] [restartedMain] [292] [INFO ]
				Root WebApplicationContext: initialization completed in 671 ms
[2022-05-31T14:30:16.016Z] [org.hibernate.jpa.internal.util.LogHelper] [restartedMain] [31] [INFO ]
				HHH000204: Processing PersistenceUnitInfo [name: default]
[2022-05-31T14:30:16.016Z] [com.zaxxer.hikari.HikariDataSource] [restartedMain] [110] [INFO ]
				HikariPool-9 - Starting...
[2022-05-31T14:30:16.016Z] [com.zaxxer.hikari.HikariDataSource] [restartedMain] [123] [INFO ]
				HikariPool-9 - Start completed.
[2022-05-31T14:30:16.016Z] [org.hibernate.dialect.Dialect] [restartedMain] [175] [INFO ]
				HHH000400: Using dialect: org.hibernate.dialect.PostgreSQLDialect
[2022-05-31T14:30:17.017Z] [org.hibernate.engine.transaction.jta.platform.internal.JtaPlatformInitiator] [restartedMain] [52] [INFO ]
				HHH000490: Using JtaPlatform implementation: [org.hibernate.engine.transaction.jta.platform.internal.NoJtaPlatform]
[2022-05-31T14:30:17.017Z] [org.springframework.orm.jpa.AbstractEntityManagerFactoryBean] [restartedMain] [437] [INFO ]
				Initialized JPA EntityManagerFactory for persistence unit 'default'
[2022-05-31T14:30:17.017Z] [org.springframework.boot.autoconfigure.orm.jpa.JpaBaseConfiguration$JpaWebConfiguration] [restartedMain] [219] [WARN ]
				spring.jpa.open-in-view is enabled by default. Therefore, database queries may be performed during view rendering. Explicitly configure spring.jpa.open-in-view to disable this warning
[2022-05-31T14:30:17.017Z] [org.springframework.boot.devtools.autoconfigure.OptionalLiveReloadServer] [restartedMain] [58] [INFO ]
				LiveReload server is running on port 35729
[2022-05-31T14:30:17.017Z] [org.springframework.boot.web.embedded.tomcat.TomcatWebServer] [restartedMain] [220] [INFO ]
				Tomcat started on port(s): 13050 (http) with context path ''
[2022-05-31T14:30:17.017Z] [org.springframework.boot.StartupInfoLogger] [restartedMain] [61] [INFO ]
				Started FirstSpringBootRestCrudApplication in 1.868 seconds (JVM running for 19046.375)
[2022-05-31T14:30:17.017Z] [org.springframework.boot.devtools.autoconfigure.ConditionEvaluationDeltaLoggingListener] [restartedMain] [63] [INFO ]
				Condition evaluation unchanged
[2022-05-31T14:44:32.032Z] [org.hibernate.validator.internal.util.Version] [background-preinit] [21] [INFO ]
				HV000001: Hibernate Validator 6.2.3.Final
[2022-05-31T14:44:32.032Z] [org.springframework.boot.StartupInfoLogger] [restartedMain] [55] [INFO ]
				Starting FirstSpringBootRestCrudApplication using Java 17.0.2 on DESKTOP-MO3C6OQ with PID 14716 (C:\New folder\interview\target\classes started by ADMIN in C:\New folder\interview)
[2022-05-31T14:44:32.032Z] [org.springframework.boot.SpringApplication] [restartedMain] [634] [INFO ]
				No active profile set, falling back to 1 default profile: "default"
[2022-05-31T14:44:32.032Z] [org.springframework.boot.logging.DeferredLog] [restartedMain] [255] [INFO ]
				Devtools property defaults active! Set 'spring.devtools.add-properties' to 'false' to disable
[2022-05-31T14:44:32.032Z] [org.springframework.boot.logging.DeferredLog] [restartedMain] [255] [INFO ]
				For additional web related logging consider setting the 'logging.level.web' property to 'DEBUG'
[2022-05-31T14:44:33.033Z] [org.springframework.data.repository.config.RepositoryConfigurationDelegate] [restartedMain] [132] [INFO ]
				Bootstrapping Spring Data JPA repositories in DEFAULT mode.
[2022-05-31T14:44:33.033Z] [org.springframework.data.repository.config.RepositoryConfigurationDelegate] [restartedMain] [201] [INFO ]
				Finished Spring Data repository scanning in 82 ms. Found 5 JPA repository interfaces.
[2022-05-31T14:44:34.034Z] [org.springframework.boot.web.embedded.tomcat.TomcatWebServer] [restartedMain] [108] [INFO ]
				Tomcat initialized with port(s): 13050 (http)
[2022-05-31T14:44:34.034Z] [org.apache.juli.logging.DirectJDKLog] [restartedMain] [173] [INFO ]
				Initializing ProtocolHandler ["http-nio-13050"]
[2022-05-31T14:44:34.034Z] [org.apache.juli.logging.DirectJDKLog] [restartedMain] [173] [INFO ]
				Starting service [Tomcat]
[2022-05-31T14:44:34.034Z] [org.apache.juli.logging.DirectJDKLog] [restartedMain] [173] [INFO ]
				Starting Servlet engine: [Apache Tomcat/9.0.63]
[2022-05-31T14:44:34.034Z] [org.apache.juli.logging.DirectJDKLog] [restartedMain] [173] [INFO ]
				Initializing Spring embedded WebApplicationContext
[2022-05-31T14:44:34.034Z] [org.springframework.boot.web.servlet.context.ServletWebServerApplicationContext] [restartedMain] [292] [INFO ]
				Root WebApplicationContext: initialization completed in 1755 ms
[2022-05-31T14:44:34.034Z] [org.hibernate.jpa.internal.util.LogHelper] [restartedMain] [31] [INFO ]
				HHH000204: Processing PersistenceUnitInfo [name: default]
[2022-05-31T14:44:34.034Z] [org.hibernate.Version] [restartedMain] [44] [INFO ]
				HHH000412: Hibernate ORM core version 5.6.9.Final
[2022-05-31T14:44:34.034Z] [org.hibernate.annotations.common.reflection.java.JavaReflectionManager] [restartedMain] [56] [INFO ]
				HCANN000001: Hibernate Commons Annotations {5.1.2.Final}
[2022-05-31T14:44:34.034Z] [com.zaxxer.hikari.HikariDataSource] [restartedMain] [110] [INFO ]
				HikariPool-1 - Starting...
[2022-05-31T14:44:35.035Z] [com.zaxxer.hikari.HikariDataSource] [restartedMain] [123] [INFO ]
				HikariPool-1 - Start completed.
[2022-05-31T14:44:35.035Z] [org.hibernate.dialect.Dialect] [restartedMain] [175] [INFO ]
				HHH000400: Using dialect: org.hibernate.dialect.PostgreSQLDialect
[2022-05-31T14:44:36.036Z] [org.hibernate.engine.transaction.jta.platform.internal.JtaPlatformInitiator] [restartedMain] [52] [INFO ]
				HHH000490: Using JtaPlatform implementation: [org.hibernate.engine.transaction.jta.platform.internal.NoJtaPlatform]
[2022-05-31T14:44:36.036Z] [org.springframework.orm.jpa.AbstractEntityManagerFactoryBean] [restartedMain] [437] [INFO ]
				Initialized JPA EntityManagerFactory for persistence unit 'default'
[2022-05-31T14:44:36.036Z] [org.springframework.boot.autoconfigure.orm.jpa.JpaBaseConfiguration$JpaWebConfiguration] [restartedMain] [219] [WARN ]
				spring.jpa.open-in-view is enabled by default. Therefore, database queries may be performed during view rendering. Explicitly configure spring.jpa.open-in-view to disable this warning
[2022-05-31T14:44:37.037Z] [org.springframework.boot.devtools.autoconfigure.OptionalLiveReloadServer] [restartedMain] [61] [WARN ]
				Unable to start LiveReload server
[2022-05-31T14:44:37.037Z] [org.apache.juli.logging.DirectJDKLog] [restartedMain] [173] [INFO ]
				Starting ProtocolHandler ["http-nio-13050"]
[2022-05-31T14:44:37.037Z] [org.springframework.context.support.AbstractApplicationContext] [restartedMain] [591] [WARN ]
				Exception encountered during context initialization - cancelling refresh attempt: org.springframework.context.ApplicationContextException: Failed to start bean 'webServerStartStop'; nested exception is org.springframework.boot.web.server.PortInUseException: Port 13050 is already in use
[2022-05-31T14:44:37.037Z] [org.springframework.orm.jpa.AbstractEntityManagerFactoryBean] [restartedMain] [651] [INFO ]
				Closing JPA EntityManagerFactory for persistence unit 'default'
[2022-05-31T14:44:37.037Z] [com.zaxxer.hikari.HikariDataSource] [restartedMain] [350] [INFO ]
				HikariPool-1 - Shutdown initiated...
[2022-05-31T14:44:37.037Z] [com.zaxxer.hikari.HikariDataSource] [restartedMain] [352] [INFO ]
				HikariPool-1 - Shutdown completed.
[2022-05-31T14:44:37.037Z] [org.apache.juli.logging.DirectJDKLog] [restartedMain] [173] [INFO ]
				Pausing ProtocolHandler ["http-nio-13050"]
[2022-05-31T14:44:37.037Z] [org.apache.juli.logging.DirectJDKLog] [restartedMain] [173] [INFO ]
				Stopping service [Tomcat]
[2022-05-31T14:44:37.037Z] [org.apache.juli.logging.DirectJDKLog] [restartedMain] [173] [INFO ]
				Stopping ProtocolHandler ["http-nio-13050"]
[2022-05-31T14:44:37.037Z] [org.apache.juli.logging.DirectJDKLog] [restartedMain] [173] [INFO ]
				Destroying ProtocolHandler ["http-nio-13050"]
[2022-05-31T14:44:37.037Z] [org.springframework.boot.autoconfigure.logging.ConditionEvaluationReportLoggingListener] [restartedMain] [136] [INFO ]
				

Error starting ApplicationContext. To display the conditions report re-run your application with 'debug' enabled.
[2022-05-31T14:44:37.037Z] [org.springframework.boot.diagnostics.LoggingFailureAnalysisReporter] [restartedMain] [40] [ERROR]
				

***************************
APPLICATION FAILED TO START
***************************

Description:

Web server failed to start. Port 13050 was already in use.

Action:

Identify and stop the process that's listening on port 13050 or configure this application to listen on another port.

[2022-05-31T14:45:34.034Z] [org.hibernate.validator.internal.util.Version] [background-preinit] [21] [INFO ]
				HV000001: Hibernate Validator 6.2.3.Final
[2022-05-31T14:45:34.034Z] [org.springframework.boot.StartupInfoLogger] [restartedMain] [55] [INFO ]
				Starting FirstSpringBootRestCrudApplication using Java 17.0.2 on DESKTOP-MO3C6OQ with PID 1200 (C:\New folder\interview\target\classes started by ADMIN in C:\New folder\interview)
[2022-05-31T14:45:34.034Z] [org.springframework.boot.SpringApplication] [restartedMain] [634] [INFO ]
				No active profile set, falling back to 1 default profile: "default"
[2022-05-31T14:45:34.034Z] [org.springframework.boot.logging.DeferredLog] [restartedMain] [255] [INFO ]
				Devtools property defaults active! Set 'spring.devtools.add-properties' to 'false' to disable
[2022-05-31T14:45:34.034Z] [org.springframework.boot.logging.DeferredLog] [restartedMain] [255] [INFO ]
				For additional web related logging consider setting the 'logging.level.web' property to 'DEBUG'
[2022-05-31T14:45:35.035Z] [org.springframework.data.repository.config.RepositoryConfigurationDelegate] [restartedMain] [132] [INFO ]
				Bootstrapping Spring Data JPA repositories in DEFAULT mode.
[2022-05-31T14:45:35.035Z] [org.springframework.data.repository.config.RepositoryConfigurationDelegate] [restartedMain] [201] [INFO ]
				Finished Spring Data repository scanning in 64 ms. Found 5 JPA repository interfaces.
[2022-05-31T14:45:35.035Z] [org.springframework.boot.web.embedded.tomcat.TomcatWebServer] [restartedMain] [108] [INFO ]
				Tomcat initialized with port(s): 13050 (http)
[2022-05-31T14:45:35.035Z] [org.apache.juli.logging.DirectJDKLog] [restartedMain] [173] [INFO ]
				Initializing ProtocolHandler ["http-nio-13050"]
[2022-05-31T14:45:35.035Z] [org.apache.juli.logging.DirectJDKLog] [restartedMain] [173] [INFO ]
				Starting service [Tomcat]
[2022-05-31T14:45:35.035Z] [org.apache.juli.logging.DirectJDKLog] [restartedMain] [173] [INFO ]
				Starting Servlet engine: [Apache Tomcat/9.0.63]
[2022-05-31T14:45:36.036Z] [org.apache.juli.logging.DirectJDKLog] [restartedMain] [173] [INFO ]
				Initializing Spring embedded WebApplicationContext
[2022-05-31T14:45:36.036Z] [org.springframework.boot.web.servlet.context.ServletWebServerApplicationContext] [restartedMain] [292] [INFO ]
				Root WebApplicationContext: initialization completed in 1469 ms
[2022-05-31T14:45:36.036Z] [org.hibernate.jpa.internal.util.LogHelper] [restartedMain] [31] [INFO ]
				HHH000204: Processing PersistenceUnitInfo [name: default]
[2022-05-31T14:45:36.036Z] [org.hibernate.Version] [restartedMain] [44] [INFO ]
				HHH000412: Hibernate ORM core version 5.6.9.Final
[2022-05-31T14:45:36.036Z] [org.hibernate.annotations.common.reflection.java.JavaReflectionManager] [restartedMain] [56] [INFO ]
				HCANN000001: Hibernate Commons Annotations {5.1.2.Final}
[2022-05-31T14:45:36.036Z] [com.zaxxer.hikari.HikariDataSource] [restartedMain] [110] [INFO ]
				HikariPool-1 - Starting...
[2022-05-31T14:45:36.036Z] [com.zaxxer.hikari.HikariDataSource] [restartedMain] [123] [INFO ]
				HikariPool-1 - Start completed.
[2022-05-31T14:45:36.036Z] [org.hibernate.dialect.Dialect] [restartedMain] [175] [INFO ]
				HHH000400: Using dialect: org.hibernate.dialect.PostgreSQLDialect
[2022-05-31T14:45:37.037Z] [org.hibernate.engine.transaction.jta.platform.internal.JtaPlatformInitiator] [restartedMain] [52] [INFO ]
				HHH000490: Using JtaPlatform implementation: [org.hibernate.engine.transaction.jta.platform.internal.NoJtaPlatform]
[2022-05-31T14:45:37.037Z] [org.springframework.orm.jpa.AbstractEntityManagerFactoryBean] [restartedMain] [437] [INFO ]
				Initialized JPA EntityManagerFactory for persistence unit 'default'
[2022-05-31T14:45:38.038Z] [org.springframework.boot.autoconfigure.orm.jpa.JpaBaseConfiguration$JpaWebConfiguration] [restartedMain] [219] [WARN ]
				spring.jpa.open-in-view is enabled by default. Therefore, database queries may be performed during view rendering. Explicitly configure spring.jpa.open-in-view to disable this warning
[2022-05-31T14:45:38.038Z] [org.springframework.boot.devtools.autoconfigure.OptionalLiveReloadServer] [restartedMain] [61] [WARN ]
				Unable to start LiveReload server
[2022-05-31T14:45:38.038Z] [org.apache.juli.logging.DirectJDKLog] [restartedMain] [173] [INFO ]
				Starting ProtocolHandler ["http-nio-13050"]
[2022-05-31T14:45:38.038Z] [org.springframework.context.support.AbstractApplicationContext] [restartedMain] [591] [WARN ]
				Exception encountered during context initialization - cancelling refresh attempt: org.springframework.context.ApplicationContextException: Failed to start bean 'webServerStartStop'; nested exception is org.springframework.boot.web.server.PortInUseException: Port 13050 is already in use
[2022-05-31T14:45:38.038Z] [org.springframework.orm.jpa.AbstractEntityManagerFactoryBean] [restartedMain] [651] [INFO ]
				Closing JPA EntityManagerFactory for persistence unit 'default'
[2022-05-31T14:45:38.038Z] [com.zaxxer.hikari.HikariDataSource] [restartedMain] [350] [INFO ]
				HikariPool-1 - Shutdown initiated...
[2022-05-31T14:45:38.038Z] [com.zaxxer.hikari.HikariDataSource] [restartedMain] [352] [INFO ]
				HikariPool-1 - Shutdown completed.
[2022-05-31T14:45:38.038Z] [org.apache.juli.logging.DirectJDKLog] [restartedMain] [173] [INFO ]
				Pausing ProtocolHandler ["http-nio-13050"]
[2022-05-31T14:45:38.038Z] [org.apache.juli.logging.DirectJDKLog] [restartedMain] [173] [INFO ]
				Stopping service [Tomcat]
[2022-05-31T14:45:38.038Z] [org.apache.juli.logging.DirectJDKLog] [restartedMain] [173] [INFO ]
				Stopping ProtocolHandler ["http-nio-13050"]
[2022-05-31T14:45:38.038Z] [org.apache.juli.logging.DirectJDKLog] [restartedMain] [173] [INFO ]
				Destroying ProtocolHandler ["http-nio-13050"]
[2022-05-31T14:45:38.038Z] [org.springframework.boot.autoconfigure.logging.ConditionEvaluationReportLoggingListener] [restartedMain] [136] [INFO ]
				

Error starting ApplicationContext. To display the conditions report re-run your application with 'debug' enabled.
[2022-05-31T14:45:38.038Z] [org.springframework.boot.diagnostics.LoggingFailureAnalysisReporter] [restartedMain] [40] [ERROR]
				

***************************
APPLICATION FAILED TO START
***************************

Description:

Web server failed to start. Port 13050 was already in use.

Action:

Identify and stop the process that's listening on port 13050 or configure this application to listen on another port.

[2022-05-31T16:27:45.045Z] [org.springframework.orm.jpa.AbstractEntityManagerFactoryBean] [Thread-35] [651] [INFO ]
				Closing JPA EntityManagerFactory for persistence unit 'default'
[2022-05-31T16:27:45.045Z] [com.zaxxer.hikari.HikariDataSource] [Thread-35] [350] [INFO ]
				HikariPool-9 - Shutdown initiated...
[2022-05-31T16:27:45.045Z] [com.zaxxer.hikari.HikariDataSource] [Thread-35] [352] [INFO ]
				HikariPool-9 - Shutdown completed.
[2022-05-31T16:27:46.046Z] [org.springframework.boot.StartupInfoLogger] [restartedMain] [55] [INFO ]
				Starting FirstSpringBootRestCrudApplication using Java 17.0.2 on DESKTOP-MO3C6OQ with PID 852 (C:\New folder\interview\target\classes started by ADMIN in C:\New folder\interview)
[2022-05-31T16:27:46.046Z] [org.springframework.boot.SpringApplication] [restartedMain] [634] [INFO ]
				No active profile set, falling back to 1 default profile: "default"
[2022-05-31T16:27:46.046Z] [org.springframework.data.repository.config.RepositoryConfigurationDelegate] [restartedMain] [132] [INFO ]
				Bootstrapping Spring Data JPA repositories in DEFAULT mode.
[2022-05-31T16:27:46.046Z] [org.springframework.data.repository.config.RepositoryConfigurationDelegate] [restartedMain] [201] [INFO ]
				Finished Spring Data repository scanning in 32 ms. Found 5 JPA repository interfaces.
[2022-05-31T16:27:46.046Z] [org.springframework.boot.web.embedded.tomcat.TomcatWebServer] [restartedMain] [108] [INFO ]
				Tomcat initialized with port(s): 13080 (http)
[2022-05-31T16:27:46.046Z] [org.apache.juli.logging.DirectJDKLog] [restartedMain] [173] [INFO ]
				Starting service [Tomcat]
[2022-05-31T16:27:46.046Z] [org.apache.juli.logging.DirectJDKLog] [restartedMain] [173] [INFO ]
				Starting Servlet engine: [Apache Tomcat/9.0.63]
[2022-05-31T16:27:46.046Z] [org.apache.juli.logging.DirectJDKLog] [restartedMain] [173] [INFO ]
				Initializing Spring embedded WebApplicationContext
[2022-05-31T16:27:46.046Z] [org.springframework.boot.web.servlet.context.ServletWebServerApplicationContext] [restartedMain] [292] [INFO ]
				Root WebApplicationContext: initialization completed in 493 ms
[2022-05-31T16:27:46.046Z] [org.hibernate.jpa.internal.util.LogHelper] [restartedMain] [31] [INFO ]
				HHH000204: Processing PersistenceUnitInfo [name: default]
[2022-05-31T16:27:46.046Z] [com.zaxxer.hikari.HikariDataSource] [restartedMain] [110] [INFO ]
				HikariPool-10 - Starting...
[2022-05-31T16:27:46.046Z] [com.zaxxer.hikari.HikariDataSource] [restartedMain] [123] [INFO ]
				HikariPool-10 - Start completed.
[2022-05-31T16:27:46.046Z] [org.hibernate.dialect.Dialect] [restartedMain] [175] [INFO ]
				HHH000400: Using dialect: org.hibernate.dialect.PostgreSQLDialect
[2022-05-31T16:27:46.046Z] [org.hibernate.validator.internal.util.Version] [background-preinit] [21] [INFO ]
				HV000001: Hibernate Validator 6.2.3.Final
[2022-05-31T16:27:46.046Z] [org.springframework.boot.StartupInfoLogger] [restartedMain] [55] [INFO ]
				Starting FirstSpringBootRestCrudApplication using Java 17.0.2 on DESKTOP-MO3C6OQ with PID 11348 (C:\New folder\interview\target\classes started by ADMIN in C:\New folder\interview)
[2022-05-31T16:27:46.046Z] [org.springframework.boot.SpringApplication] [restartedMain] [634] [INFO ]
				No active profile set, falling back to 1 default profile: "default"
[2022-05-31T16:27:46.046Z] [org.springframework.boot.logging.DeferredLog] [restartedMain] [255] [INFO ]
				Devtools property defaults active! Set 'spring.devtools.add-properties' to 'false' to disable
[2022-05-31T16:27:46.046Z] [org.springframework.boot.logging.DeferredLog] [restartedMain] [255] [INFO ]
				For additional web related logging consider setting the 'logging.level.web' property to 'DEBUG'
[2022-05-31T16:27:47.047Z] [org.hibernate.engine.transaction.jta.platform.internal.JtaPlatformInitiator] [restartedMain] [52] [INFO ]
				HHH000490: Using JtaPlatform implementation: [org.hibernate.engine.transaction.jta.platform.internal.NoJtaPlatform]
[2022-05-31T16:27:47.047Z] [org.springframework.orm.jpa.AbstractEntityManagerFactoryBean] [restartedMain] [437] [INFO ]
				Initialized JPA EntityManagerFactory for persistence unit 'default'
[2022-05-31T16:27:47.047Z] [org.springframework.boot.autoconfigure.orm.jpa.JpaBaseConfiguration$JpaWebConfiguration] [restartedMain] [219] [WARN ]
				spring.jpa.open-in-view is enabled by default. Therefore, database queries may be performed during view rendering. Explicitly configure spring.jpa.open-in-view to disable this warning
[2022-05-31T16:27:47.047Z] [org.springframework.boot.devtools.autoconfigure.OptionalLiveReloadServer] [restartedMain] [58] [INFO ]
				LiveReload server is running on port 35729
[2022-05-31T16:27:47.047Z] [org.springframework.boot.web.embedded.tomcat.TomcatWebServer] [restartedMain] [220] [INFO ]
				Tomcat started on port(s): 13080 (http) with context path ''
[2022-05-31T16:27:47.047Z] [org.springframework.boot.StartupInfoLogger] [restartedMain] [61] [INFO ]
				Started FirstSpringBootRestCrudApplication in 1.559 seconds (JVM running for 26096.426)
[2022-05-31T16:27:47.047Z] [org.springframework.boot.devtools.autoconfigure.ConditionEvaluationDeltaLoggingListener] [restartedMain] [63] [INFO ]
				Condition evaluation unchanged
[2022-05-31T16:27:48.048Z] [org.springframework.data.repository.config.RepositoryConfigurationDelegate] [restartedMain] [132] [INFO ]
				Bootstrapping Spring Data JPA repositories in DEFAULT mode.
[2022-05-31T16:27:48.048Z] [org.springframework.data.repository.config.RepositoryConfigurationDelegate] [restartedMain] [201] [INFO ]
				Finished Spring Data repository scanning in 100 ms. Found 5 JPA repository interfaces.
[2022-05-31T16:27:49.049Z] [org.springframework.boot.web.embedded.tomcat.TomcatWebServer] [restartedMain] [108] [INFO ]
				Tomcat initialized with port(s): 13080 (http)
[2022-05-31T16:27:49.049Z] [org.apache.juli.logging.DirectJDKLog] [restartedMain] [173] [INFO ]
				Initializing ProtocolHandler ["http-nio-13080"]
[2022-05-31T16:27:49.049Z] [org.apache.juli.logging.DirectJDKLog] [restartedMain] [173] [INFO ]
				Starting service [Tomcat]
[2022-05-31T16:27:49.049Z] [org.apache.juli.logging.DirectJDKLog] [restartedMain] [173] [INFO ]
				Starting Servlet engine: [Apache Tomcat/9.0.63]
[2022-05-31T16:27:49.049Z] [org.apache.juli.logging.DirectJDKLog] [restartedMain] [173] [INFO ]
				Initializing Spring embedded WebApplicationContext
[2022-05-31T16:27:49.049Z] [org.springframework.boot.web.servlet.context.ServletWebServerApplicationContext] [restartedMain] [292] [INFO ]
				Root WebApplicationContext: initialization completed in 2602 ms
[2022-05-31T16:27:49.049Z] [org.hibernate.jpa.internal.util.LogHelper] [restartedMain] [31] [INFO ]
				HHH000204: Processing PersistenceUnitInfo [name: default]
[2022-05-31T16:27:49.049Z] [org.hibernate.Version] [restartedMain] [44] [INFO ]
				HHH000412: Hibernate ORM core version 5.6.9.Final
[2022-05-31T16:27:50.050Z] [org.hibernate.annotations.common.reflection.java.JavaReflectionManager] [restartedMain] [56] [INFO ]
				HCANN000001: Hibernate Commons Annotations {5.1.2.Final}
[2022-05-31T16:27:50.050Z] [com.zaxxer.hikari.HikariDataSource] [restartedMain] [110] [INFO ]
				HikariPool-1 - Starting...
[2022-05-31T16:27:50.050Z] [com.zaxxer.hikari.HikariDataSource] [restartedMain] [123] [INFO ]
				HikariPool-1 - Start completed.
[2022-05-31T16:27:50.050Z] [org.hibernate.dialect.Dialect] [restartedMain] [175] [INFO ]
				HHH000400: Using dialect: org.hibernate.dialect.PostgreSQLDialect
[2022-05-31T16:27:52.052Z] [org.hibernate.engine.transaction.jta.platform.internal.JtaPlatformInitiator] [restartedMain] [52] [INFO ]
				HHH000490: Using JtaPlatform implementation: [org.hibernate.engine.transaction.jta.platform.internal.NoJtaPlatform]
[2022-05-31T16:27:52.052Z] [org.springframework.orm.jpa.AbstractEntityManagerFactoryBean] [restartedMain] [437] [INFO ]
				Initialized JPA EntityManagerFactory for persistence unit 'default'
[2022-05-31T16:27:52.052Z] [org.springframework.boot.autoconfigure.orm.jpa.JpaBaseConfiguration$JpaWebConfiguration] [restartedMain] [219] [WARN ]
				spring.jpa.open-in-view is enabled by default. Therefore, database queries may be performed during view rendering. Explicitly configure spring.jpa.open-in-view to disable this warning
[2022-05-31T16:27:53.053Z] [org.springframework.boot.devtools.autoconfigure.OptionalLiveReloadServer] [restartedMain] [61] [WARN ]
				Unable to start LiveReload server
[2022-05-31T16:27:53.053Z] [org.apache.juli.logging.DirectJDKLog] [restartedMain] [173] [INFO ]
				Starting ProtocolHandler ["http-nio-13080"]
[2022-05-31T16:27:53.053Z] [org.springframework.context.support.AbstractApplicationContext] [restartedMain] [591] [WARN ]
				Exception encountered during context initialization - cancelling refresh attempt: org.springframework.context.ApplicationContextException: Failed to start bean 'webServerStartStop'; nested exception is org.springframework.boot.web.server.PortInUseException: Port 13080 is already in use
[2022-05-31T16:27:53.053Z] [org.springframework.orm.jpa.AbstractEntityManagerFactoryBean] [restartedMain] [651] [INFO ]
				Closing JPA EntityManagerFactory for persistence unit 'default'
[2022-05-31T16:27:53.053Z] [com.zaxxer.hikari.HikariDataSource] [restartedMain] [350] [INFO ]
				HikariPool-1 - Shutdown initiated...
[2022-05-31T16:27:53.053Z] [com.zaxxer.hikari.HikariDataSource] [restartedMain] [352] [INFO ]
				HikariPool-1 - Shutdown completed.
[2022-05-31T16:27:53.053Z] [org.apache.juli.logging.DirectJDKLog] [restartedMain] [173] [INFO ]
				Pausing ProtocolHandler ["http-nio-13080"]
[2022-05-31T16:27:53.053Z] [org.apache.juli.logging.DirectJDKLog] [restartedMain] [173] [INFO ]
				Stopping service [Tomcat]
[2022-05-31T16:27:53.053Z] [org.apache.juli.logging.DirectJDKLog] [restartedMain] [173] [INFO ]
				Stopping ProtocolHandler ["http-nio-13080"]
[2022-05-31T16:27:53.053Z] [org.apache.juli.logging.DirectJDKLog] [restartedMain] [173] [INFO ]
				Destroying ProtocolHandler ["http-nio-13080"]
[2022-05-31T16:27:53.053Z] [org.springframework.boot.autoconfigure.logging.ConditionEvaluationReportLoggingListener] [restartedMain] [136] [INFO ]
				

Error starting ApplicationContext. To display the conditions report re-run your application with 'debug' enabled.
[2022-05-31T16:27:53.053Z] [org.springframework.boot.diagnostics.LoggingFailureAnalysisReporter] [restartedMain] [40] [ERROR]
				

***************************
APPLICATION FAILED TO START
***************************

Description:

Web server failed to start. Port 13080 was already in use.

Action:

Identify and stop the process that's listening on port 13080 or configure this application to listen on another port.

[2022-05-31T16:28:13.013Z] [org.springframework.orm.jpa.AbstractEntityManagerFactoryBean] [Thread-39] [651] [INFO ]
				Closing JPA EntityManagerFactory for persistence unit 'default'
[2022-05-31T16:28:13.013Z] [com.zaxxer.hikari.HikariDataSource] [Thread-39] [350] [INFO ]
				HikariPool-10 - Shutdown initiated...
[2022-05-31T16:28:13.013Z] [com.zaxxer.hikari.HikariDataSource] [Thread-39] [352] [INFO ]
				HikariPool-10 - Shutdown completed.
[2022-05-31T16:28:14.014Z] [org.springframework.boot.StartupInfoLogger] [restartedMain] [55] [INFO ]
				Starting FirstSpringBootRestCrudApplication using Java 17.0.2 on DESKTOP-MO3C6OQ with PID 852 (C:\New folder\interview\target\classes started by ADMIN in C:\New folder\interview)
[2022-05-31T16:28:14.014Z] [org.springframework.boot.SpringApplication] [restartedMain] [634] [INFO ]
				No active profile set, falling back to 1 default profile: "default"
[2022-05-31T16:28:14.014Z] [org.springframework.data.repository.config.RepositoryConfigurationDelegate] [restartedMain] [132] [INFO ]
				Bootstrapping Spring Data JPA repositories in DEFAULT mode.
[2022-05-31T16:28:14.014Z] [org.springframework.data.repository.config.RepositoryConfigurationDelegate] [restartedMain] [201] [INFO ]
				Finished Spring Data repository scanning in 32 ms. Found 5 JPA repository interfaces.
[2022-05-31T16:28:14.014Z] [org.springframework.boot.web.embedded.tomcat.TomcatWebServer] [restartedMain] [108] [INFO ]
				Tomcat initialized with port(s): 14050 (http)
[2022-05-31T16:28:14.014Z] [org.apache.juli.logging.DirectJDKLog] [restartedMain] [173] [INFO ]
				Starting service [Tomcat]
[2022-05-31T16:28:14.014Z] [org.apache.juli.logging.DirectJDKLog] [restartedMain] [173] [INFO ]
				Starting Servlet engine: [Apache Tomcat/9.0.63]
[2022-05-31T16:28:14.014Z] [org.apache.juli.logging.DirectJDKLog] [restartedMain] [173] [INFO ]
				Initializing Spring embedded WebApplicationContext
[2022-05-31T16:28:14.014Z] [org.springframework.boot.web.servlet.context.ServletWebServerApplicationContext] [restartedMain] [292] [INFO ]
				Root WebApplicationContext: initialization completed in 509 ms
[2022-05-31T16:28:14.014Z] [org.hibernate.jpa.internal.util.LogHelper] [restartedMain] [31] [INFO ]
				HHH000204: Processing PersistenceUnitInfo [name: default]
[2022-05-31T16:28:14.014Z] [com.zaxxer.hikari.HikariDataSource] [restartedMain] [110] [INFO ]
				HikariPool-11 - Starting...
[2022-05-31T16:28:14.014Z] [com.zaxxer.hikari.HikariDataSource] [restartedMain] [123] [INFO ]
				HikariPool-11 - Start completed.
[2022-05-31T16:28:14.014Z] [org.hibernate.dialect.Dialect] [restartedMain] [175] [INFO ]
				HHH000400: Using dialect: org.hibernate.dialect.PostgreSQLDialect
[2022-05-31T16:28:14.014Z] [org.hibernate.engine.transaction.jta.platform.internal.JtaPlatformInitiator] [restartedMain] [52] [INFO ]
				HHH000490: Using JtaPlatform implementation: [org.hibernate.engine.transaction.jta.platform.internal.NoJtaPlatform]
[2022-05-31T16:28:14.014Z] [org.springframework.orm.jpa.AbstractEntityManagerFactoryBean] [restartedMain] [437] [INFO ]
				Initialized JPA EntityManagerFactory for persistence unit 'default'
[2022-05-31T16:28:15.015Z] [org.springframework.boot.autoconfigure.orm.jpa.JpaBaseConfiguration$JpaWebConfiguration] [restartedMain] [219] [WARN ]
				spring.jpa.open-in-view is enabled by default. Therefore, database queries may be performed during view rendering. Explicitly configure spring.jpa.open-in-view to disable this warning
[2022-05-31T16:28:15.015Z] [org.springframework.boot.devtools.autoconfigure.OptionalLiveReloadServer] [restartedMain] [58] [INFO ]
				LiveReload server is running on port 35729
[2022-05-31T16:28:15.015Z] [org.springframework.boot.web.embedded.tomcat.TomcatWebServer] [restartedMain] [220] [INFO ]
				Tomcat started on port(s): 14050 (http) with context path ''
[2022-05-31T16:28:15.015Z] [org.springframework.boot.StartupInfoLogger] [restartedMain] [61] [INFO ]
				Started FirstSpringBootRestCrudApplication in 1.268 seconds (JVM running for 26124.085)
[2022-05-31T16:28:15.015Z] [org.springframework.boot.devtools.autoconfigure.ConditionEvaluationDeltaLoggingListener] [restartedMain] [63] [INFO ]
				Condition evaluation unchanged
[2022-05-31T16:29:29.029Z] [org.apache.juli.logging.DirectJDKLog] [http-nio-14050-exec-2] [173] [INFO ]
				Initializing Spring DispatcherServlet 'dispatcherServlet'
[2022-05-31T16:29:29.029Z] [org.springframework.web.servlet.FrameworkServlet] [http-nio-14050-exec-2] [525] [INFO ]
				Initializing Servlet 'dispatcherServlet'
[2022-05-31T16:29:29.029Z] [org.springframework.web.servlet.FrameworkServlet] [http-nio-14050-exec-2] [547] [INFO ]
				Completed initialization in 1 ms
[2022-05-31T17:34:01.001Z] [org.springframework.orm.jpa.AbstractEntityManagerFactoryBean] [Thread-43] [651] [INFO ]
				Closing JPA EntityManagerFactory for persistence unit 'default'
[2022-05-31T17:34:01.001Z] [com.zaxxer.hikari.HikariDataSource] [Thread-43] [350] [INFO ]
				HikariPool-11 - Shutdown initiated...
[2022-05-31T17:34:01.001Z] [com.zaxxer.hikari.HikariDataSource] [Thread-43] [352] [INFO ]
				HikariPool-11 - Shutdown completed.
[2022-05-31T17:34:01.001Z] [org.springframework.boot.StartupInfoLogger] [restartedMain] [55] [INFO ]
				Starting FirstSpringBootRestCrudApplication using Java 17.0.2 on DESKTOP-MO3C6OQ with PID 852 (C:\New folder\interview\target\classes started by ADMIN in C:\New folder\interview)
[2022-05-31T17:34:01.001Z] [org.springframework.boot.SpringApplication] [restartedMain] [634] [INFO ]
				No active profile set, falling back to 1 default profile: "default"
[2022-05-31T17:34:02.002Z] [org.springframework.data.repository.config.RepositoryConfigurationDelegate] [restartedMain] [132] [INFO ]
				Bootstrapping Spring Data JPA repositories in DEFAULT mode.
[2022-05-31T17:34:02.002Z] [org.springframework.data.repository.config.RepositoryConfigurationDelegate] [restartedMain] [201] [INFO ]
				Finished Spring Data repository scanning in 42 ms. Found 5 JPA repository interfaces.
[2022-05-31T17:34:02.002Z] [org.springframework.boot.web.embedded.tomcat.TomcatWebServer] [restartedMain] [108] [INFO ]
				Tomcat initialized with port(s): 14050 (http)
[2022-05-31T17:34:02.002Z] [org.apache.juli.logging.DirectJDKLog] [restartedMain] [173] [INFO ]
				Starting service [Tomcat]
[2022-05-31T17:34:02.002Z] [org.apache.juli.logging.DirectJDKLog] [restartedMain] [173] [INFO ]
				Starting Servlet engine: [Apache Tomcat/9.0.63]
[2022-05-31T17:34:02.002Z] [org.apache.juli.logging.DirectJDKLog] [restartedMain] [173] [INFO ]
				Initializing Spring embedded WebApplicationContext
[2022-05-31T17:34:02.002Z] [org.springframework.boot.web.servlet.context.ServletWebServerApplicationContext] [restartedMain] [292] [INFO ]
				Root WebApplicationContext: initialization completed in 509 ms
[2022-05-31T17:34:02.002Z] [org.hibernate.jpa.internal.util.LogHelper] [restartedMain] [31] [INFO ]
				HHH000204: Processing PersistenceUnitInfo [name: default]
[2022-05-31T17:34:02.002Z] [com.zaxxer.hikari.HikariDataSource] [restartedMain] [110] [INFO ]
				HikariPool-12 - Starting...
[2022-05-31T17:34:02.002Z] [com.zaxxer.hikari.HikariDataSource] [restartedMain] [123] [INFO ]
				HikariPool-12 - Start completed.
[2022-05-31T17:34:02.002Z] [org.hibernate.dialect.Dialect] [restartedMain] [175] [INFO ]
				HHH000400: Using dialect: org.hibernate.dialect.PostgreSQLDialect
[2022-05-31T17:34:02.002Z] [org.hibernate.engine.transaction.jta.platform.internal.JtaPlatformInitiator] [restartedMain] [52] [INFO ]
				HHH000490: Using JtaPlatform implementation: [org.hibernate.engine.transaction.jta.platform.internal.NoJtaPlatform]
[2022-05-31T17:34:02.002Z] [org.springframework.orm.jpa.AbstractEntityManagerFactoryBean] [restartedMain] [437] [INFO ]
				Initialized JPA EntityManagerFactory for persistence unit 'default'
[2022-05-31T17:34:03.003Z] [org.springframework.boot.autoconfigure.orm.jpa.JpaBaseConfiguration$JpaWebConfiguration] [restartedMain] [219] [WARN ]
				spring.jpa.open-in-view is enabled by default. Therefore, database queries may be performed during view rendering. Explicitly configure spring.jpa.open-in-view to disable this warning
[2022-05-31T17:34:03.003Z] [org.springframework.boot.devtools.autoconfigure.OptionalLiveReloadServer] [restartedMain] [58] [INFO ]
				LiveReload server is running on port 35729
[2022-05-31T17:34:03.003Z] [org.springframework.boot.web.embedded.tomcat.TomcatWebServer] [restartedMain] [220] [INFO ]
				Tomcat started on port(s): 14050 (http) with context path ''
[2022-05-31T17:34:03.003Z] [org.springframework.boot.StartupInfoLogger] [restartedMain] [61] [INFO ]
				Started FirstSpringBootRestCrudApplication in 1.593 seconds (JVM running for 30072.18)
[2022-05-31T17:34:03.003Z] [org.springframework.boot.devtools.autoconfigure.ConditionEvaluationDeltaLoggingListener] [restartedMain] [63] [INFO ]
				Condition evaluation unchanged
[2022-05-31T17:34:31.031Z] [org.springframework.orm.jpa.AbstractEntityManagerFactoryBean] [Thread-47] [651] [INFO ]
				Closing JPA EntityManagerFactory for persistence unit 'default'
[2022-05-31T17:34:31.031Z] [com.zaxxer.hikari.HikariDataSource] [Thread-47] [350] [INFO ]
				HikariPool-12 - Shutdown initiated...
[2022-05-31T17:34:31.031Z] [com.zaxxer.hikari.HikariDataSource] [Thread-47] [352] [INFO ]
				HikariPool-12 - Shutdown completed.
[2022-05-31T17:34:31.031Z] [org.springframework.boot.StartupInfoLogger] [restartedMain] [55] [INFO ]
				Starting FirstSpringBootRestCrudApplication using Java 17.0.2 on DESKTOP-MO3C6OQ with PID 852 (C:\New folder\interview\target\classes started by ADMIN in C:\New folder\interview)
[2022-05-31T17:34:31.031Z] [org.springframework.boot.SpringApplication] [restartedMain] [634] [INFO ]
				No active profile set, falling back to 1 default profile: "default"
[2022-05-31T17:34:32.032Z] [org.springframework.data.repository.config.RepositoryConfigurationDelegate] [restartedMain] [132] [INFO ]
				Bootstrapping Spring Data JPA repositories in DEFAULT mode.
[2022-05-31T17:34:32.032Z] [org.springframework.data.repository.config.RepositoryConfigurationDelegate] [restartedMain] [201] [INFO ]
				Finished Spring Data repository scanning in 29 ms. Found 5 JPA repository interfaces.
[2022-05-31T17:34:32.032Z] [org.springframework.boot.web.embedded.tomcat.TomcatWebServer] [restartedMain] [108] [INFO ]
				Tomcat initialized with port(s): 14050 (http)
[2022-05-31T17:34:32.032Z] [org.apache.juli.logging.DirectJDKLog] [restartedMain] [173] [INFO ]
				Starting service [Tomcat]
[2022-05-31T17:34:32.032Z] [org.apache.juli.logging.DirectJDKLog] [restartedMain] [173] [INFO ]
				Starting Servlet engine: [Apache Tomcat/9.0.63]
[2022-05-31T17:34:32.032Z] [org.apache.juli.logging.DirectJDKLog] [restartedMain] [173] [INFO ]
				Initializing Spring embedded WebApplicationContext
[2022-05-31T17:34:32.032Z] [org.springframework.boot.web.servlet.context.ServletWebServerApplicationContext] [restartedMain] [292] [INFO ]
				Root WebApplicationContext: initialization completed in 414 ms
[2022-05-31T17:34:32.032Z] [org.hibernate.jpa.internal.util.LogHelper] [restartedMain] [31] [INFO ]
				HHH000204: Processing PersistenceUnitInfo [name: default]
[2022-05-31T17:34:32.032Z] [com.zaxxer.hikari.HikariDataSource] [restartedMain] [110] [INFO ]
				HikariPool-13 - Starting...
[2022-05-31T17:34:32.032Z] [com.zaxxer.hikari.HikariDataSource] [restartedMain] [123] [INFO ]
				HikariPool-13 - Start completed.
[2022-05-31T17:34:32.032Z] [org.hibernate.dialect.Dialect] [restartedMain] [175] [INFO ]
				HHH000400: Using dialect: org.hibernate.dialect.PostgreSQLDialect
[2022-05-31T17:34:32.032Z] [org.hibernate.engine.transaction.jta.platform.internal.JtaPlatformInitiator] [restartedMain] [52] [INFO ]
				HHH000490: Using JtaPlatform implementation: [org.hibernate.engine.transaction.jta.platform.internal.NoJtaPlatform]
[2022-05-31T17:34:32.032Z] [org.springframework.orm.jpa.AbstractEntityManagerFactoryBean] [restartedMain] [437] [INFO ]
				Initialized JPA EntityManagerFactory for persistence unit 'default'
[2022-05-31T17:34:32.032Z] [org.springframework.boot.autoconfigure.orm.jpa.JpaBaseConfiguration$JpaWebConfiguration] [restartedMain] [219] [WARN ]
				spring.jpa.open-in-view is enabled by default. Therefore, database queries may be performed during view rendering. Explicitly configure spring.jpa.open-in-view to disable this warning
[2022-05-31T17:34:33.033Z] [org.springframework.boot.devtools.autoconfigure.OptionalLiveReloadServer] [restartedMain] [58] [INFO ]
				LiveReload server is running on port 35729
[2022-05-31T17:34:33.033Z] [org.springframework.boot.web.embedded.tomcat.TomcatWebServer] [restartedMain] [220] [INFO ]
				Tomcat started on port(s): 14050 (http) with context path ''
[2022-05-31T17:34:33.033Z] [org.springframework.boot.StartupInfoLogger] [restartedMain] [61] [INFO ]
				Started FirstSpringBootRestCrudApplication in 1.213 seconds (JVM running for 30101.908)
[2022-05-31T17:34:33.033Z] [org.springframework.boot.devtools.autoconfigure.ConditionEvaluationDeltaLoggingListener] [restartedMain] [63] [INFO ]
				Condition evaluation unchanged
[2022-05-31T17:34:45.045Z] [org.springframework.boot.admin.SpringApplicationAdminMXBeanRegistrar$SpringApplicationAdmin] [RMI TCP Connection(504)-127.0.0.1] [159] [INFO ]
				Application shutdown requested.
[2022-05-31T17:34:45.045Z] [org.springframework.orm.jpa.AbstractEntityManagerFactoryBean] [RMI TCP Connection(504)-127.0.0.1] [651] [INFO ]
				Closing JPA EntityManagerFactory for persistence unit 'default'
[2022-05-31T17:34:45.045Z] [com.zaxxer.hikari.HikariDataSource] [RMI TCP Connection(504)-127.0.0.1] [350] [INFO ]
				HikariPool-13 - Shutdown initiated...
[2022-05-31T17:34:45.045Z] [com.zaxxer.hikari.HikariDataSource] [RMI TCP Connection(504)-127.0.0.1] [352] [INFO ]
				HikariPool-13 - Shutdown completed.
[2022-05-31T17:35:02.002Z] [org.hibernate.validator.internal.util.Version] [background-preinit] [21] [INFO ]
				HV000001: Hibernate Validator 6.2.3.Final
[2022-05-31T17:35:02.002Z] [org.springframework.boot.StartupInfoLogger] [restartedMain] [55] [INFO ]
				Starting FirstSpringBootRestCrudApplication using Java 17.0.2 on DESKTOP-MO3C6OQ with PID 2924 (C:\New folder\interview\target\classes started by ADMIN in C:\New folder\interview)
[2022-05-31T17:35:02.002Z] [org.springframework.boot.SpringApplication] [restartedMain] [634] [INFO ]
				No active profile set, falling back to 1 default profile: "default"
[2022-05-31T17:35:02.002Z] [org.springframework.boot.logging.DeferredLog] [restartedMain] [255] [INFO ]
				Devtools property defaults active! Set 'spring.devtools.add-properties' to 'false' to disable
[2022-05-31T17:35:02.002Z] [org.springframework.boot.logging.DeferredLog] [restartedMain] [255] [INFO ]
				For additional web related logging consider setting the 'logging.level.web' property to 'DEBUG'
[2022-05-31T17:35:03.003Z] [org.springframework.data.repository.config.RepositoryConfigurationDelegate] [restartedMain] [132] [INFO ]
				Bootstrapping Spring Data JPA repositories in DEFAULT mode.
[2022-05-31T17:35:03.003Z] [org.springframework.data.repository.config.RepositoryConfigurationDelegate] [restartedMain] [201] [INFO ]
				Finished Spring Data repository scanning in 115 ms. Found 5 JPA repository interfaces.
[2022-05-31T17:35:04.004Z] [org.springframework.boot.web.embedded.tomcat.TomcatWebServer] [restartedMain] [108] [INFO ]
				Tomcat initialized with port(s): 14050 (http)
[2022-05-31T17:35:04.004Z] [org.apache.juli.logging.DirectJDKLog] [restartedMain] [173] [INFO ]
				Initializing ProtocolHandler ["http-nio-14050"]
[2022-05-31T17:35:04.004Z] [org.apache.juli.logging.DirectJDKLog] [restartedMain] [173] [INFO ]
				Starting service [Tomcat]
[2022-05-31T17:35:04.004Z] [org.apache.juli.logging.DirectJDKLog] [restartedMain] [173] [INFO ]
				Starting Servlet engine: [Apache Tomcat/9.0.63]
[2022-05-31T17:35:04.004Z] [org.apache.juli.logging.DirectJDKLog] [restartedMain] [173] [INFO ]
				Initializing Spring embedded WebApplicationContext
[2022-05-31T17:35:04.004Z] [org.springframework.boot.web.servlet.context.ServletWebServerApplicationContext] [restartedMain] [292] [INFO ]
				Root WebApplicationContext: initialization completed in 2713 ms
[2022-05-31T17:35:05.005Z] [org.hibernate.jpa.internal.util.LogHelper] [restartedMain] [31] [INFO ]
				HHH000204: Processing PersistenceUnitInfo [name: default]
[2022-05-31T17:35:05.005Z] [org.hibernate.Version] [restartedMain] [44] [INFO ]
				HHH000412: Hibernate ORM core version 5.6.9.Final
[2022-05-31T17:35:05.005Z] [org.hibernate.annotations.common.reflection.java.JavaReflectionManager] [restartedMain] [56] [INFO ]
				HCANN000001: Hibernate Commons Annotations {5.1.2.Final}
[2022-05-31T17:35:05.005Z] [com.zaxxer.hikari.HikariDataSource] [restartedMain] [110] [INFO ]
				HikariPool-1 - Starting...
[2022-05-31T17:35:06.006Z] [com.zaxxer.hikari.HikariDataSource] [restartedMain] [123] [INFO ]
				HikariPool-1 - Start completed.
[2022-05-31T17:35:06.006Z] [org.hibernate.dialect.Dialect] [restartedMain] [175] [INFO ]
				HHH000400: Using dialect: org.hibernate.dialect.PostgreSQLDialect
[2022-05-31T17:35:07.007Z] [org.hibernate.engine.transaction.jta.platform.internal.JtaPlatformInitiator] [restartedMain] [52] [INFO ]
				HHH000490: Using JtaPlatform implementation: [org.hibernate.engine.transaction.jta.platform.internal.NoJtaPlatform]
[2022-05-31T17:35:07.007Z] [org.springframework.orm.jpa.AbstractEntityManagerFactoryBean] [restartedMain] [437] [INFO ]
				Initialized JPA EntityManagerFactory for persistence unit 'default'
[2022-05-31T17:35:08.008Z] [org.springframework.boot.autoconfigure.orm.jpa.JpaBaseConfiguration$JpaWebConfiguration] [restartedMain] [219] [WARN ]
				spring.jpa.open-in-view is enabled by default. Therefore, database queries may be performed during view rendering. Explicitly configure spring.jpa.open-in-view to disable this warning
[2022-05-31T17:35:08.008Z] [org.springframework.boot.devtools.autoconfigure.OptionalLiveReloadServer] [restartedMain] [58] [INFO ]
				LiveReload server is running on port 35729
[2022-05-31T17:35:08.008Z] [org.apache.juli.logging.DirectJDKLog] [restartedMain] [173] [INFO ]
				Starting ProtocolHandler ["http-nio-14050"]
[2022-05-31T17:35:08.008Z] [org.springframework.boot.web.embedded.tomcat.TomcatWebServer] [restartedMain] [220] [INFO ]
				Tomcat started on port(s): 14050 (http) with context path ''
[2022-05-31T17:35:08.008Z] [org.springframework.boot.StartupInfoLogger] [restartedMain] [61] [INFO ]
				Started FirstSpringBootRestCrudApplication in 7.409 seconds (JVM running for 9.115)
[2022-05-31T17:35:31.031Z] [org.apache.juli.logging.DirectJDKLog] [http-nio-14050-exec-1] [173] [INFO ]
				Initializing Spring DispatcherServlet 'dispatcherServlet'
[2022-05-31T17:35:31.031Z] [org.springframework.web.servlet.FrameworkServlet] [http-nio-14050-exec-1] [525] [INFO ]
				Initializing Servlet 'dispatcherServlet'
[2022-05-31T17:35:31.031Z] [org.springframework.web.servlet.FrameworkServlet] [http-nio-14050-exec-1] [547] [INFO ]
				Completed initialization in 1 ms
[2022-05-31T17:35:32.032Z] [org.springframework.web.servlet.handler.AbstractHandlerExceptionResolver] [http-nio-14050-exec-1] [208] [WARN ]
				Resolved [com.track.exception.InterviewScheduleNotFoundException: No such interview Found]
[2022-05-31T17:37:04.004Z] [org.springframework.orm.jpa.AbstractEntityManagerFactoryBean] [Thread-5] [651] [INFO ]
				Closing JPA EntityManagerFactory for persistence unit 'default'
[2022-05-31T17:37:04.004Z] [com.zaxxer.hikari.HikariDataSource] [Thread-5] [350] [INFO ]
				HikariPool-1 - Shutdown initiated...
[2022-05-31T17:37:04.004Z] [com.zaxxer.hikari.HikariDataSource] [Thread-5] [352] [INFO ]
				HikariPool-1 - Shutdown completed.
[2022-05-31T17:37:04.004Z] [org.springframework.boot.StartupInfoLogger] [restartedMain] [55] [INFO ]
				Starting FirstSpringBootRestCrudApplication using Java 17.0.2 on DESKTOP-MO3C6OQ with PID 2924 (C:\New folder\interview\target\classes started by ADMIN in C:\New folder\interview)
[2022-05-31T17:37:04.004Z] [org.springframework.boot.SpringApplication] [restartedMain] [634] [INFO ]
				No active profile set, falling back to 1 default profile: "default"
[2022-05-31T17:37:05.005Z] [org.springframework.data.repository.config.RepositoryConfigurationDelegate] [restartedMain] [132] [INFO ]
				Bootstrapping Spring Data JPA repositories in DEFAULT mode.
[2022-05-31T17:37:05.005Z] [org.springframework.data.repository.config.RepositoryConfigurationDelegate] [restartedMain] [201] [INFO ]
				Finished Spring Data repository scanning in 38 ms. Found 5 JPA repository interfaces.
[2022-05-31T17:37:05.005Z] [org.springframework.boot.web.embedded.tomcat.TomcatWebServer] [restartedMain] [108] [INFO ]
				Tomcat initialized with port(s): 14050 (http)
[2022-05-31T17:37:05.005Z] [org.apache.juli.logging.DirectJDKLog] [restartedMain] [173] [INFO ]
				Initializing ProtocolHandler ["http-nio-14050"]
[2022-05-31T17:37:05.005Z] [org.apache.juli.logging.DirectJDKLog] [restartedMain] [173] [INFO ]
				Starting service [Tomcat]
[2022-05-31T17:37:05.005Z] [org.apache.juli.logging.DirectJDKLog] [restartedMain] [173] [INFO ]
				Starting Servlet engine: [Apache Tomcat/9.0.63]
[2022-05-31T17:37:05.005Z] [org.apache.juli.logging.DirectJDKLog] [restartedMain] [173] [INFO ]
				Initializing Spring embedded WebApplicationContext
[2022-05-31T17:37:05.005Z] [org.springframework.boot.web.servlet.context.ServletWebServerApplicationContext] [restartedMain] [292] [INFO ]
				Root WebApplicationContext: initialization completed in 514 ms
[2022-05-31T17:37:05.005Z] [org.hibernate.jpa.internal.util.LogHelper] [restartedMain] [31] [INFO ]
				HHH000204: Processing PersistenceUnitInfo [name: default]
[2022-05-31T17:37:05.005Z] [com.zaxxer.hikari.HikariDataSource] [restartedMain] [110] [INFO ]
				HikariPool-2 - Starting...
[2022-05-31T17:37:05.005Z] [com.zaxxer.hikari.HikariDataSource] [restartedMain] [123] [INFO ]
				HikariPool-2 - Start completed.
[2022-05-31T17:37:05.005Z] [org.hibernate.dialect.Dialect] [restartedMain] [175] [INFO ]
				HHH000400: Using dialect: org.hibernate.dialect.PostgreSQLDialect
[2022-05-31T17:37:05.005Z] [org.hibernate.engine.transaction.jta.platform.internal.JtaPlatformInitiator] [restartedMain] [52] [INFO ]
				HHH000490: Using JtaPlatform implementation: [org.hibernate.engine.transaction.jta.platform.internal.NoJtaPlatform]
[2022-05-31T17:37:05.005Z] [org.springframework.orm.jpa.AbstractEntityManagerFactoryBean] [restartedMain] [437] [INFO ]
				Initialized JPA EntityManagerFactory for persistence unit 'default'
[2022-05-31T17:37:06.006Z] [org.springframework.boot.autoconfigure.orm.jpa.JpaBaseConfiguration$JpaWebConfiguration] [restartedMain] [219] [WARN ]
				spring.jpa.open-in-view is enabled by default. Therefore, database queries may be performed during view rendering. Explicitly configure spring.jpa.open-in-view to disable this warning
[2022-05-31T17:37:06.006Z] [org.springframework.boot.devtools.autoconfigure.OptionalLiveReloadServer] [restartedMain] [58] [INFO ]
				LiveReload server is running on port 35729
[2022-05-31T17:37:06.006Z] [org.apache.juli.logging.DirectJDKLog] [restartedMain] [173] [INFO ]
				Starting ProtocolHandler ["http-nio-14050"]
[2022-05-31T17:37:06.006Z] [org.springframework.boot.web.embedded.tomcat.TomcatWebServer] [restartedMain] [220] [INFO ]
				Tomcat started on port(s): 14050 (http) with context path ''
[2022-05-31T17:37:06.006Z] [org.springframework.boot.StartupInfoLogger] [restartedMain] [61] [INFO ]
				Started FirstSpringBootRestCrudApplication in 1.499 seconds (JVM running for 126.754)
[2022-05-31T17:37:06.006Z] [org.springframework.boot.devtools.autoconfigure.ConditionEvaluationDeltaLoggingListener] [restartedMain] [63] [INFO ]
				Condition evaluation unchanged
[2022-05-31T17:37:54.054Z] [org.springframework.orm.jpa.AbstractEntityManagerFactoryBean] [Thread-7] [651] [INFO ]
				Closing JPA EntityManagerFactory for persistence unit 'default'
[2022-05-31T17:37:54.054Z] [com.zaxxer.hikari.HikariDataSource] [Thread-7] [350] [INFO ]
				HikariPool-2 - Shutdown initiated...
[2022-05-31T17:37:54.054Z] [com.zaxxer.hikari.HikariDataSource] [Thread-7] [352] [INFO ]
				HikariPool-2 - Shutdown completed.
[2022-05-31T17:37:55.055Z] [org.springframework.boot.StartupInfoLogger] [restartedMain] [55] [INFO ]
				Starting FirstSpringBootRestCrudApplication using Java 17.0.2 on DESKTOP-MO3C6OQ with PID 2924 (C:\New folder\interview\target\classes started by ADMIN in C:\New folder\interview)
[2022-05-31T17:37:55.055Z] [org.springframework.boot.SpringApplication] [restartedMain] [634] [INFO ]
				No active profile set, falling back to 1 default profile: "default"
[2022-05-31T17:37:55.055Z] [org.springframework.data.repository.config.RepositoryConfigurationDelegate] [restartedMain] [132] [INFO ]
				Bootstrapping Spring Data JPA repositories in DEFAULT mode.
[2022-05-31T17:37:55.055Z] [org.springframework.data.repository.config.RepositoryConfigurationDelegate] [restartedMain] [201] [INFO ]
				Finished Spring Data repository scanning in 36 ms. Found 5 JPA repository interfaces.
[2022-05-31T17:37:55.055Z] [org.springframework.boot.web.embedded.tomcat.TomcatWebServer] [restartedMain] [108] [INFO ]
				Tomcat initialized with port(s): 14050 (http)
[2022-05-31T17:37:55.055Z] [org.apache.juli.logging.DirectJDKLog] [restartedMain] [173] [INFO ]
				Initializing ProtocolHandler ["http-nio-14050"]
[2022-05-31T17:37:55.055Z] [org.apache.juli.logging.DirectJDKLog] [restartedMain] [173] [INFO ]
				Starting service [Tomcat]
[2022-05-31T17:37:55.055Z] [org.apache.juli.logging.DirectJDKLog] [restartedMain] [173] [INFO ]
				Starting Servlet engine: [Apache Tomcat/9.0.63]
[2022-05-31T17:37:55.055Z] [org.apache.juli.logging.DirectJDKLog] [restartedMain] [173] [INFO ]
				Initializing Spring embedded WebApplicationContext
[2022-05-31T17:37:55.055Z] [org.springframework.boot.web.servlet.context.ServletWebServerApplicationContext] [restartedMain] [292] [INFO ]
				Root WebApplicationContext: initialization completed in 488 ms
[2022-05-31T17:37:55.055Z] [org.hibernate.jpa.internal.util.LogHelper] [restartedMain] [31] [INFO ]
				HHH000204: Processing PersistenceUnitInfo [name: default]
[2022-05-31T17:37:55.055Z] [com.zaxxer.hikari.HikariDataSource] [restartedMain] [110] [INFO ]
				HikariPool-3 - Starting...
[2022-05-31T17:37:55.055Z] [com.zaxxer.hikari.HikariDataSource] [restartedMain] [123] [INFO ]
				HikariPool-3 - Start completed.
[2022-05-31T17:37:55.055Z] [org.hibernate.dialect.Dialect] [restartedMain] [175] [INFO ]
				HHH000400: Using dialect: org.hibernate.dialect.PostgreSQLDialect
[2022-05-31T17:37:56.056Z] [org.hibernate.engine.transaction.jta.platform.internal.JtaPlatformInitiator] [restartedMain] [52] [INFO ]
				HHH000490: Using JtaPlatform implementation: [org.hibernate.engine.transaction.jta.platform.internal.NoJtaPlatform]
[2022-05-31T17:37:56.056Z] [org.springframework.orm.jpa.AbstractEntityManagerFactoryBean] [restartedMain] [437] [INFO ]
				Initialized JPA EntityManagerFactory for persistence unit 'default'
[2022-05-31T17:37:56.056Z] [org.springframework.boot.autoconfigure.orm.jpa.JpaBaseConfiguration$JpaWebConfiguration] [restartedMain] [219] [WARN ]
				spring.jpa.open-in-view is enabled by default. Therefore, database queries may be performed during view rendering. Explicitly configure spring.jpa.open-in-view to disable this warning
[2022-05-31T17:37:56.056Z] [org.springframework.boot.devtools.autoconfigure.OptionalLiveReloadServer] [restartedMain] [58] [INFO ]
				LiveReload server is running on port 35729
[2022-05-31T17:37:56.056Z] [org.apache.juli.logging.DirectJDKLog] [restartedMain] [173] [INFO ]
				Starting ProtocolHandler ["http-nio-14050"]
[2022-05-31T17:37:56.056Z] [org.springframework.boot.web.embedded.tomcat.TomcatWebServer] [restartedMain] [220] [INFO ]
				Tomcat started on port(s): 14050 (http) with context path ''
[2022-05-31T17:37:56.056Z] [org.springframework.boot.StartupInfoLogger] [restartedMain] [61] [INFO ]
				Started FirstSpringBootRestCrudApplication in 1.44 seconds (JVM running for 176.803)
[2022-05-31T17:37:56.056Z] [org.springframework.boot.devtools.autoconfigure.ConditionEvaluationDeltaLoggingListener] [restartedMain] [63] [INFO ]
				Condition evaluation unchanged
[2022-05-31T17:38:07.007Z] [org.springframework.orm.jpa.AbstractEntityManagerFactoryBean] [Thread-11] [651] [INFO ]
				Closing JPA EntityManagerFactory for persistence unit 'default'
[2022-05-31T17:38:07.007Z] [com.zaxxer.hikari.HikariDataSource] [Thread-11] [350] [INFO ]
				HikariPool-3 - Shutdown initiated...
[2022-05-31T17:38:07.007Z] [com.zaxxer.hikari.HikariDataSource] [Thread-11] [352] [INFO ]
				HikariPool-3 - Shutdown completed.
[2022-05-31T17:38:07.007Z] [org.springframework.boot.StartupInfoLogger] [restartedMain] [55] [INFO ]
				Starting FirstSpringBootRestCrudApplication using Java 17.0.2 on DESKTOP-MO3C6OQ with PID 2924 (C:\New folder\interview\target\classes started by ADMIN in C:\New folder\interview)
[2022-05-31T17:38:07.007Z] [org.springframework.boot.SpringApplication] [restartedMain] [634] [INFO ]
				No active profile set, falling back to 1 default profile: "default"
[2022-05-31T17:38:07.007Z] [org.springframework.data.repository.config.RepositoryConfigurationDelegate] [restartedMain] [132] [INFO ]
				Bootstrapping Spring Data JPA repositories in DEFAULT mode.
[2022-05-31T17:38:07.007Z] [org.springframework.data.repository.config.RepositoryConfigurationDelegate] [restartedMain] [201] [INFO ]
				Finished Spring Data repository scanning in 41 ms. Found 5 JPA repository interfaces.
[2022-05-31T17:38:07.007Z] [org.springframework.boot.web.embedded.tomcat.TomcatWebServer] [restartedMain] [108] [INFO ]
				Tomcat initialized with port(s): 14050 (http)
[2022-05-31T17:38:07.007Z] [org.apache.juli.logging.DirectJDKLog] [restartedMain] [173] [INFO ]
				Initializing ProtocolHandler ["http-nio-14050"]
[2022-05-31T17:38:07.007Z] [org.apache.juli.logging.DirectJDKLog] [restartedMain] [173] [INFO ]
				Starting service [Tomcat]
[2022-05-31T17:38:07.007Z] [org.apache.juli.logging.DirectJDKLog] [restartedMain] [173] [INFO ]
				Starting Servlet engine: [Apache Tomcat/9.0.63]
[2022-05-31T17:38:07.007Z] [org.apache.juli.logging.DirectJDKLog] [restartedMain] [173] [INFO ]
				Initializing Spring embedded WebApplicationContext
[2022-05-31T17:38:07.007Z] [org.springframework.boot.web.servlet.context.ServletWebServerApplicationContext] [restartedMain] [292] [INFO ]
				Root WebApplicationContext: initialization completed in 464 ms
[2022-05-31T17:38:07.007Z] [org.hibernate.jpa.internal.util.LogHelper] [restartedMain] [31] [INFO ]
				HHH000204: Processing PersistenceUnitInfo [name: default]
[2022-05-31T17:38:07.007Z] [com.zaxxer.hikari.HikariDataSource] [restartedMain] [110] [INFO ]
				HikariPool-4 - Starting...
[2022-05-31T17:38:08.008Z] [com.zaxxer.hikari.HikariDataSource] [restartedMain] [123] [INFO ]
				HikariPool-4 - Start completed.
[2022-05-31T17:38:08.008Z] [org.hibernate.dialect.Dialect] [restartedMain] [175] [INFO ]
				HHH000400: Using dialect: org.hibernate.dialect.PostgreSQLDialect
[2022-05-31T17:38:08.008Z] [org.hibernate.engine.transaction.jta.platform.internal.JtaPlatformInitiator] [restartedMain] [52] [INFO ]
				HHH000490: Using JtaPlatform implementation: [org.hibernate.engine.transaction.jta.platform.internal.NoJtaPlatform]
[2022-05-31T17:38:08.008Z] [org.springframework.orm.jpa.AbstractEntityManagerFactoryBean] [restartedMain] [437] [INFO ]
				Initialized JPA EntityManagerFactory for persistence unit 'default'
[2022-05-31T17:38:08.008Z] [org.springframework.boot.autoconfigure.orm.jpa.JpaBaseConfiguration$JpaWebConfiguration] [restartedMain] [219] [WARN ]
				spring.jpa.open-in-view is enabled by default. Therefore, database queries may be performed during view rendering. Explicitly configure spring.jpa.open-in-view to disable this warning
[2022-05-31T17:38:08.008Z] [org.springframework.boot.devtools.autoconfigure.OptionalLiveReloadServer] [restartedMain] [58] [INFO ]
				LiveReload server is running on port 35729
[2022-05-31T17:38:08.008Z] [org.apache.juli.logging.DirectJDKLog] [restartedMain] [173] [INFO ]
				Starting ProtocolHandler ["http-nio-14050"]
[2022-05-31T17:38:08.008Z] [org.springframework.boot.web.embedded.tomcat.TomcatWebServer] [restartedMain] [220] [INFO ]
				Tomcat started on port(s): 14050 (http) with context path ''
[2022-05-31T17:38:08.008Z] [org.springframework.boot.StartupInfoLogger] [restartedMain] [61] [INFO ]
				Started FirstSpringBootRestCrudApplication in 1.36 seconds (JVM running for 189.033)
[2022-05-31T17:38:08.008Z] [org.springframework.boot.devtools.autoconfigure.ConditionEvaluationDeltaLoggingListener] [restartedMain] [63] [INFO ]
				Condition evaluation unchanged
[2022-05-31T17:38:42.042Z] [org.springframework.orm.jpa.AbstractEntityManagerFactoryBean] [Thread-15] [651] [INFO ]
				Closing JPA EntityManagerFactory for persistence unit 'default'
[2022-05-31T17:38:42.042Z] [com.zaxxer.hikari.HikariDataSource] [Thread-15] [350] [INFO ]
				HikariPool-4 - Shutdown initiated...
[2022-05-31T17:38:42.042Z] [com.zaxxer.hikari.HikariDataSource] [Thread-15] [352] [INFO ]
				HikariPool-4 - Shutdown completed.
[2022-05-31T17:38:42.042Z] [org.springframework.boot.StartupInfoLogger] [restartedMain] [55] [INFO ]
				Starting FirstSpringBootRestCrudApplication using Java 17.0.2 on DESKTOP-MO3C6OQ with PID 2924 (C:\New folder\interview\target\classes started by ADMIN in C:\New folder\interview)
[2022-05-31T17:38:42.042Z] [org.springframework.boot.SpringApplication] [restartedMain] [634] [INFO ]
				No active profile set, falling back to 1 default profile: "default"
[2022-05-31T17:38:42.042Z] [org.springframework.data.repository.config.RepositoryConfigurationDelegate] [restartedMain] [132] [INFO ]
				Bootstrapping Spring Data JPA repositories in DEFAULT mode.
[2022-05-31T17:38:42.042Z] [org.springframework.data.repository.config.RepositoryConfigurationDelegate] [restartedMain] [201] [INFO ]
				Finished Spring Data repository scanning in 37 ms. Found 5 JPA repository interfaces.
[2022-05-31T17:38:43.043Z] [org.springframework.boot.web.embedded.tomcat.TomcatWebServer] [restartedMain] [108] [INFO ]
				Tomcat initialized with port(s): 14050 (http)
[2022-05-31T17:38:43.043Z] [org.apache.juli.logging.DirectJDKLog] [restartedMain] [173] [INFO ]
				Initializing ProtocolHandler ["http-nio-14050"]
[2022-05-31T17:38:43.043Z] [org.apache.juli.logging.DirectJDKLog] [restartedMain] [173] [INFO ]
				Starting service [Tomcat]
[2022-05-31T17:38:43.043Z] [org.apache.juli.logging.DirectJDKLog] [restartedMain] [173] [INFO ]
				Starting Servlet engine: [Apache Tomcat/9.0.63]
[2022-05-31T17:38:43.043Z] [org.apache.juli.logging.DirectJDKLog] [restartedMain] [173] [INFO ]
				Initializing Spring embedded WebApplicationContext
[2022-05-31T17:38:43.043Z] [org.springframework.boot.web.servlet.context.ServletWebServerApplicationContext] [restartedMain] [292] [INFO ]
				Root WebApplicationContext: initialization completed in 485 ms
[2022-05-31T17:38:43.043Z] [org.hibernate.jpa.internal.util.LogHelper] [restartedMain] [31] [INFO ]
				HHH000204: Processing PersistenceUnitInfo [name: default]
[2022-05-31T17:38:43.043Z] [com.zaxxer.hikari.HikariDataSource] [restartedMain] [110] [INFO ]
				HikariPool-5 - Starting...
[2022-05-31T17:38:43.043Z] [com.zaxxer.hikari.HikariDataSource] [restartedMain] [123] [INFO ]
				HikariPool-5 - Start completed.
[2022-05-31T17:38:43.043Z] [org.hibernate.dialect.Dialect] [restartedMain] [175] [INFO ]
				HHH000400: Using dialect: org.hibernate.dialect.PostgreSQLDialect
[2022-05-31T17:38:43.043Z] [org.hibernate.engine.transaction.jta.platform.internal.JtaPlatformInitiator] [restartedMain] [52] [INFO ]
				HHH000490: Using JtaPlatform implementation: [org.hibernate.engine.transaction.jta.platform.internal.NoJtaPlatform]
[2022-05-31T17:38:43.043Z] [org.springframework.orm.jpa.AbstractEntityManagerFactoryBean] [restartedMain] [437] [INFO ]
				Initialized JPA EntityManagerFactory for persistence unit 'default'
[2022-05-31T17:38:43.043Z] [org.springframework.boot.autoconfigure.orm.jpa.JpaBaseConfiguration$JpaWebConfiguration] [restartedMain] [219] [WARN ]
				spring.jpa.open-in-view is enabled by default. Therefore, database queries may be performed during view rendering. Explicitly configure spring.jpa.open-in-view to disable this warning
[2022-05-31T17:38:43.043Z] [org.springframework.boot.devtools.autoconfigure.OptionalLiveReloadServer] [restartedMain] [58] [INFO ]
				LiveReload server is running on port 35729
[2022-05-31T17:38:43.043Z] [org.apache.juli.logging.DirectJDKLog] [restartedMain] [173] [INFO ]
				Starting ProtocolHandler ["http-nio-14050"]
[2022-05-31T17:38:43.043Z] [org.springframework.boot.web.embedded.tomcat.TomcatWebServer] [restartedMain] [220] [INFO ]
				Tomcat started on port(s): 14050 (http) with context path ''
[2022-05-31T17:38:43.043Z] [org.springframework.boot.StartupInfoLogger] [restartedMain] [61] [INFO ]
				Started FirstSpringBootRestCrudApplication in 1.361 seconds (JVM running for 224.2)
[2022-05-31T17:38:43.043Z] [org.springframework.boot.devtools.autoconfigure.ConditionEvaluationDeltaLoggingListener] [restartedMain] [63] [INFO ]
				Condition evaluation unchanged
[2022-05-31T17:38:55.055Z] [org.apache.juli.logging.DirectJDKLog] [http-nio-14050-exec-2] [173] [INFO ]
				Initializing Spring DispatcherServlet 'dispatcherServlet'
[2022-05-31T17:38:55.055Z] [org.springframework.web.servlet.FrameworkServlet] [http-nio-14050-exec-2] [525] [INFO ]
				Initializing Servlet 'dispatcherServlet'
[2022-05-31T17:38:55.055Z] [org.springframework.web.servlet.FrameworkServlet] [http-nio-14050-exec-2] [547] [INFO ]
				Completed initialization in 1 ms
[2022-05-31T17:38:55.055Z] [org.apache.juli.logging.DirectJDKLog] [http-nio-14050-exec-2] [175] [ERROR]
				Servlet.service() for servlet [dispatcherServlet] in context with path [] threw exception [Handler dispatch failed; nested exception is java.lang.Error: Unresolved compilation problem: 
	The method updateCandidateInterviewSchedule(InterviewSchedule, int) in the type InterviewScheduleService is not applicable for the arguments (InterviewSchedule)
] with root cause
java.lang.Error: Unresolved compilation problem: 
	The method updateCandidateInterviewSchedule(InterviewSchedule, int) in the type InterviewScheduleService is not applicable for the arguments (InterviewSchedule)

	at com.track.controller.InterviewScheduleController.updateCandidateInterviewSchedule(InterviewScheduleController.java:41)
	at java.base/jdk.internal.reflect.NativeMethodAccessorImpl.invoke0(Native Method)
	at java.base/jdk.internal.reflect.NativeMethodAccessorImpl.invoke(NativeMethodAccessorImpl.java:77)
	at java.base/jdk.internal.reflect.DelegatingMethodAccessorImpl.invoke(DelegatingMethodAccessorImpl.java:43)
	at java.base/java.lang.reflect.Method.invoke(Method.java:568)
	at org.springframework.web.method.support.InvocableHandlerMethod.doInvoke(InvocableHandlerMethod.java:205)
	at org.springframework.web.method.support.InvocableHandlerMethod.invokeForRequest(InvocableHandlerMethod.java:150)
	at org.springframework.web.servlet.mvc.method.annotation.ServletInvocableHandlerMethod.invokeAndHandle(ServletInvocableHandlerMethod.java:117)
	at org.springframework.web.servlet.mvc.method.annotation.RequestMappingHandlerAdapter.invokeHandlerMethod(RequestMappingHandlerAdapter.java:895)
	at org.springframework.web.servlet.mvc.method.annotation.RequestMappingHandlerAdapter.handleInternal(RequestMappingHandlerAdapter.java:808)
	at org.springframework.web.servlet.mvc.method.AbstractHandlerMethodAdapter.handle(AbstractHandlerMethodAdapter.java:87)
	at org.springframework.web.servlet.DispatcherServlet.doDispatch(DispatcherServlet.java:1067)
	at org.springframework.web.servlet.DispatcherServlet.doService(DispatcherServlet.java:963)
	at org.springframework.web.servlet.FrameworkServlet.processRequest(FrameworkServlet.java:1006)
	at org.springframework.web.servlet.FrameworkServlet.doPut(FrameworkServlet.java:920)
	at javax.servlet.http.HttpServlet.service(HttpServlet.java:684)
	at org.springframework.web.servlet.FrameworkServlet.service(FrameworkServlet.java:883)
	at javax.servlet.http.HttpServlet.service(HttpServlet.java:764)
	at org.apache.catalina.core.ApplicationFilterChain.internalDoFilter(ApplicationFilterChain.java:227)
	at org.apache.catalina.core.ApplicationFilterChain.doFilter(ApplicationFilterChain.java:162)
	at org.apache.tomcat.websocket.server.WsFilter.doFilter(WsFilter.java:53)
	at org.apache.catalina.core.ApplicationFilterChain.internalDoFilter(ApplicationFilterChain.java:189)
	at org.apache.catalina.core.ApplicationFilterChain.doFilter(ApplicationFilterChain.java:162)
	at org.springframework.web.filter.RequestContextFilter.doFilterInternal(RequestContextFilter.java:100)
	at org.springframework.web.filter.OncePerRequestFilter.doFilter(OncePerRequestFilter.java:117)
	at org.apache.catalina.core.ApplicationFilterChain.internalDoFilter(ApplicationFilterChain.java:189)
	at org.apache.catalina.core.ApplicationFilterChain.doFilter(ApplicationFilterChain.java:162)
	at org.springframework.web.filter.FormContentFilter.doFilterInternal(FormContentFilter.java:93)
	at org.springframework.web.filter.OncePerRequestFilter.doFilter(OncePerRequestFilter.java:117)
	at org.apache.catalina.core.ApplicationFilterChain.internalDoFilter(ApplicationFilterChain.java:189)
	at org.apache.catalina.core.ApplicationFilterChain.doFilter(ApplicationFilterChain.java:162)
	at org.springframework.web.filter.CharacterEncodingFilter.doFilterInternal(CharacterEncodingFilter.java:201)
	at org.springframework.web.filter.OncePerRequestFilter.doFilter(OncePerRequestFilter.java:117)
	at org.apache.catalina.core.ApplicationFilterChain.internalDoFilter(ApplicationFilterChain.java:189)
	at org.apache.catalina.core.ApplicationFilterChain.doFilter(ApplicationFilterChain.java:162)
	at org.apache.catalina.core.StandardWrapperValve.invoke(StandardWrapperValve.java:197)
	at org.apache.catalina.core.StandardContextValve.invoke(StandardContextValve.java:97)
	at org.apache.catalina.authenticator.AuthenticatorBase.invoke(AuthenticatorBase.java:541)
	at org.apache.catalina.core.StandardHostValve.invoke(StandardHostValve.java:135)
	at org.apache.catalina.valves.ErrorReportValve.invoke(ErrorReportValve.java:92)
	at org.apache.catalina.core.StandardEngineValve.invoke(StandardEngineValve.java:78)
	at org.apache.catalina.connector.CoyoteAdapter.service(CoyoteAdapter.java:360)
	at org.apache.coyote.http11.Http11Processor.service(Http11Processor.java:399)
	at org.apache.coyote.AbstractProcessorLight.process(AbstractProcessorLight.java:65)
	at org.apache.coyote.AbstractProtocol$ConnectionHandler.process(AbstractProtocol.java:890)
	at org.apache.tomcat.util.net.NioEndpoint$SocketProcessor.doRun(NioEndpoint.java:1743)
	at org.apache.tomcat.util.net.SocketProcessorBase.run(SocketProcessorBase.java:49)
	at org.apache.tomcat.util.threads.ThreadPoolExecutor.runWorker(ThreadPoolExecutor.java:1191)
	at org.apache.tomcat.util.threads.ThreadPoolExecutor$Worker.run(ThreadPoolExecutor.java:659)
	at org.apache.tomcat.util.threads.TaskThread$WrappingRunnable.run(TaskThread.java:61)
	at java.base/java.lang.Thread.run(Thread.java:833)
[2022-05-31T17:41:57.057Z] [org.springframework.orm.jpa.AbstractEntityManagerFactoryBean] [Thread-19] [651] [INFO ]
				Closing JPA EntityManagerFactory for persistence unit 'default'
[2022-05-31T17:41:57.057Z] [com.zaxxer.hikari.HikariDataSource] [Thread-19] [350] [INFO ]
				HikariPool-5 - Shutdown initiated...
[2022-05-31T17:41:57.057Z] [com.zaxxer.hikari.HikariDataSource] [Thread-19] [352] [INFO ]
				HikariPool-5 - Shutdown completed.
[2022-05-31T17:41:57.057Z] [org.springframework.boot.StartupInfoLogger] [restartedMain] [55] [INFO ]
				Starting FirstSpringBootRestCrudApplication using Java 17.0.2 on DESKTOP-MO3C6OQ with PID 2924 (C:\New folder\interview\target\classes started by ADMIN in C:\New folder\interview)
[2022-05-31T17:41:57.057Z] [org.springframework.boot.SpringApplication] [restartedMain] [634] [INFO ]
				No active profile set, falling back to 1 default profile: "default"
[2022-05-31T17:41:57.057Z] [org.springframework.data.repository.config.RepositoryConfigurationDelegate] [restartedMain] [132] [INFO ]
				Bootstrapping Spring Data JPA repositories in DEFAULT mode.
[2022-05-31T17:41:57.057Z] [org.springframework.data.repository.config.RepositoryConfigurationDelegate] [restartedMain] [201] [INFO ]
				Finished Spring Data repository scanning in 38 ms. Found 5 JPA repository interfaces.
[2022-05-31T17:41:57.057Z] [org.springframework.boot.web.embedded.tomcat.TomcatWebServer] [restartedMain] [108] [INFO ]
				Tomcat initialized with port(s): 14050 (http)
[2022-05-31T17:41:57.057Z] [org.apache.juli.logging.DirectJDKLog] [restartedMain] [173] [INFO ]
				Initializing ProtocolHandler ["http-nio-14050"]
[2022-05-31T17:41:57.057Z] [org.apache.juli.logging.DirectJDKLog] [restartedMain] [173] [INFO ]
				Starting service [Tomcat]
[2022-05-31T17:41:57.057Z] [org.apache.juli.logging.DirectJDKLog] [restartedMain] [173] [INFO ]
				Starting Servlet engine: [Apache Tomcat/9.0.63]
[2022-05-31T17:41:57.057Z] [org.apache.juli.logging.DirectJDKLog] [restartedMain] [173] [INFO ]
				Initializing Spring embedded WebApplicationContext
[2022-05-31T17:41:57.057Z] [org.springframework.boot.web.servlet.context.ServletWebServerApplicationContext] [restartedMain] [292] [INFO ]
				Root WebApplicationContext: initialization completed in 418 ms
[2022-05-31T17:41:57.057Z] [org.hibernate.jpa.internal.util.LogHelper] [restartedMain] [31] [INFO ]
				HHH000204: Processing PersistenceUnitInfo [name: default]
[2022-05-31T17:41:57.057Z] [com.zaxxer.hikari.HikariDataSource] [restartedMain] [110] [INFO ]
				HikariPool-6 - Starting...
[2022-05-31T17:41:57.057Z] [com.zaxxer.hikari.HikariDataSource] [restartedMain] [123] [INFO ]
				HikariPool-6 - Start completed.
[2022-05-31T17:41:57.057Z] [org.hibernate.dialect.Dialect] [restartedMain] [175] [INFO ]
				HHH000400: Using dialect: org.hibernate.dialect.PostgreSQLDialect
[2022-05-31T17:41:58.058Z] [org.hibernate.engine.transaction.jta.platform.internal.JtaPlatformInitiator] [restartedMain] [52] [INFO ]
				HHH000490: Using JtaPlatform implementation: [org.hibernate.engine.transaction.jta.platform.internal.NoJtaPlatform]
[2022-05-31T17:41:58.058Z] [org.springframework.orm.jpa.AbstractEntityManagerFactoryBean] [restartedMain] [437] [INFO ]
				Initialized JPA EntityManagerFactory for persistence unit 'default'
[2022-05-31T17:41:58.058Z] [org.springframework.boot.autoconfigure.orm.jpa.JpaBaseConfiguration$JpaWebConfiguration] [restartedMain] [219] [WARN ]
				spring.jpa.open-in-view is enabled by default. Therefore, database queries may be performed during view rendering. Explicitly configure spring.jpa.open-in-view to disable this warning
[2022-05-31T17:41:58.058Z] [org.springframework.boot.devtools.autoconfigure.OptionalLiveReloadServer] [restartedMain] [58] [INFO ]
				LiveReload server is running on port 35729
[2022-05-31T17:41:58.058Z] [org.apache.juli.logging.DirectJDKLog] [restartedMain] [173] [INFO ]
				Starting ProtocolHandler ["http-nio-14050"]
[2022-05-31T17:41:58.058Z] [org.springframework.boot.web.embedded.tomcat.TomcatWebServer] [restartedMain] [220] [INFO ]
				Tomcat started on port(s): 14050 (http) with context path ''
[2022-05-31T17:41:58.058Z] [org.springframework.boot.StartupInfoLogger] [restartedMain] [61] [INFO ]
				Started FirstSpringBootRestCrudApplication in 1.227 seconds (JVM running for 418.685)
[2022-05-31T17:41:58.058Z] [org.springframework.boot.devtools.autoconfigure.ConditionEvaluationDeltaLoggingListener] [restartedMain] [63] [INFO ]
				Condition evaluation unchanged
[2022-05-31T17:42:14.014Z] [org.springframework.boot.admin.SpringApplicationAdminMXBeanRegistrar$SpringApplicationAdmin] [RMI TCP Connection(9)-127.0.0.1] [159] [INFO ]
				Application shutdown requested.
[2022-05-31T17:42:14.014Z] [org.springframework.orm.jpa.AbstractEntityManagerFactoryBean] [RMI TCP Connection(9)-127.0.0.1] [651] [INFO ]
				Closing JPA EntityManagerFactory for persistence unit 'default'
[2022-05-31T17:42:14.014Z] [com.zaxxer.hikari.HikariDataSource] [RMI TCP Connection(9)-127.0.0.1] [350] [INFO ]
				HikariPool-6 - Shutdown initiated...
[2022-05-31T17:42:14.014Z] [com.zaxxer.hikari.HikariDataSource] [RMI TCP Connection(9)-127.0.0.1] [352] [INFO ]
				HikariPool-6 - Shutdown completed.
[2022-05-31T17:42:24.024Z] [org.hibernate.validator.internal.util.Version] [background-preinit] [21] [INFO ]
				HV000001: Hibernate Validator 6.2.3.Final
[2022-05-31T17:42:24.024Z] [org.springframework.boot.StartupInfoLogger] [restartedMain] [55] [INFO ]
				Starting FirstSpringBootRestCrudApplication using Java 17.0.2 on DESKTOP-MO3C6OQ with PID 19708 (C:\New folder\interview\target\classes started by ADMIN in C:\New folder\interview)
[2022-05-31T17:42:24.024Z] [org.springframework.boot.SpringApplication] [restartedMain] [634] [INFO ]
				No active profile set, falling back to 1 default profile: "default"
[2022-05-31T17:42:25.025Z] [org.springframework.boot.logging.DeferredLog] [restartedMain] [255] [INFO ]
				Devtools property defaults active! Set 'spring.devtools.add-properties' to 'false' to disable
[2022-05-31T17:42:25.025Z] [org.springframework.boot.logging.DeferredLog] [restartedMain] [255] [INFO ]
				For additional web related logging consider setting the 'logging.level.web' property to 'DEBUG'
[2022-05-31T17:42:26.026Z] [org.springframework.data.repository.config.RepositoryConfigurationDelegate] [restartedMain] [132] [INFO ]
				Bootstrapping Spring Data JPA repositories in DEFAULT mode.
[2022-05-31T17:42:26.026Z] [org.springframework.data.repository.config.RepositoryConfigurationDelegate] [restartedMain] [201] [INFO ]
				Finished Spring Data repository scanning in 109 ms. Found 5 JPA repository interfaces.
[2022-05-31T17:42:27.027Z] [org.springframework.boot.web.embedded.tomcat.TomcatWebServer] [restartedMain] [108] [INFO ]
				Tomcat initialized with port(s): 14050 (http)
[2022-05-31T17:42:27.027Z] [org.apache.juli.logging.DirectJDKLog] [restartedMain] [173] [INFO ]
				Initializing ProtocolHandler ["http-nio-14050"]
[2022-05-31T17:42:27.027Z] [org.apache.juli.logging.DirectJDKLog] [restartedMain] [173] [INFO ]
				Starting service [Tomcat]
[2022-05-31T17:42:27.027Z] [org.apache.juli.logging.DirectJDKLog] [restartedMain] [173] [INFO ]
				Starting Servlet engine: [Apache Tomcat/9.0.63]
[2022-05-31T17:42:27.027Z] [org.apache.juli.logging.DirectJDKLog] [restartedMain] [173] [INFO ]
				Initializing Spring embedded WebApplicationContext
[2022-05-31T17:42:27.027Z] [org.springframework.boot.web.servlet.context.ServletWebServerApplicationContext] [restartedMain] [292] [INFO ]
				Root WebApplicationContext: initialization completed in 2562 ms
[2022-05-31T17:42:27.027Z] [org.hibernate.jpa.internal.util.LogHelper] [restartedMain] [31] [INFO ]
				HHH000204: Processing PersistenceUnitInfo [name: default]
[2022-05-31T17:42:27.027Z] [org.hibernate.Version] [restartedMain] [44] [INFO ]
				HHH000412: Hibernate ORM core version 5.6.9.Final
[2022-05-31T17:42:28.028Z] [org.hibernate.annotations.common.reflection.java.JavaReflectionManager] [restartedMain] [56] [INFO ]
				HCANN000001: Hibernate Commons Annotations {5.1.2.Final}
[2022-05-31T17:42:28.028Z] [com.zaxxer.hikari.HikariDataSource] [restartedMain] [110] [INFO ]
				HikariPool-1 - Starting...
[2022-05-31T17:42:28.028Z] [com.zaxxer.hikari.HikariDataSource] [restartedMain] [123] [INFO ]
				HikariPool-1 - Start completed.
[2022-05-31T17:42:28.028Z] [org.hibernate.dialect.Dialect] [restartedMain] [175] [INFO ]
				HHH000400: Using dialect: org.hibernate.dialect.PostgreSQLDialect
[2022-05-31T17:42:30.030Z] [org.hibernate.engine.transaction.jta.platform.internal.JtaPlatformInitiator] [restartedMain] [52] [INFO ]
				HHH000490: Using JtaPlatform implementation: [org.hibernate.engine.transaction.jta.platform.internal.NoJtaPlatform]
[2022-05-31T17:42:30.030Z] [org.springframework.orm.jpa.AbstractEntityManagerFactoryBean] [restartedMain] [437] [INFO ]
				Initialized JPA EntityManagerFactory for persistence unit 'default'
[2022-05-31T17:42:30.030Z] [org.springframework.boot.autoconfigure.orm.jpa.JpaBaseConfiguration$JpaWebConfiguration] [restartedMain] [219] [WARN ]
				spring.jpa.open-in-view is enabled by default. Therefore, database queries may be performed during view rendering. Explicitly configure spring.jpa.open-in-view to disable this warning
[2022-05-31T17:42:31.031Z] [org.springframework.boot.devtools.autoconfigure.OptionalLiveReloadServer] [restartedMain] [58] [INFO ]
				LiveReload server is running on port 35729
[2022-05-31T17:42:31.031Z] [org.apache.juli.logging.DirectJDKLog] [restartedMain] [173] [INFO ]
				Starting ProtocolHandler ["http-nio-14050"]
[2022-05-31T17:42:31.031Z] [org.springframework.boot.web.embedded.tomcat.TomcatWebServer] [restartedMain] [220] [INFO ]
				Tomcat started on port(s): 14050 (http) with context path ''
[2022-05-31T17:42:31.031Z] [org.springframework.boot.StartupInfoLogger] [restartedMain] [61] [INFO ]
				Started FirstSpringBootRestCrudApplication in 6.803 seconds (JVM running for 8.432)
[2022-05-31T17:42:42.042Z] [org.apache.juli.logging.DirectJDKLog] [http-nio-14050-exec-1] [173] [INFO ]
				Initializing Spring DispatcherServlet 'dispatcherServlet'
[2022-05-31T17:42:42.042Z] [org.springframework.web.servlet.FrameworkServlet] [http-nio-14050-exec-1] [525] [INFO ]
				Initializing Servlet 'dispatcherServlet'
[2022-05-31T17:42:42.042Z] [org.springframework.web.servlet.FrameworkServlet] [http-nio-14050-exec-1] [547] [INFO ]
				Completed initialization in 1 ms
[2022-05-31T17:47:17.017Z] [org.springframework.orm.jpa.AbstractEntityManagerFactoryBean] [Thread-5] [651] [INFO ]
				Closing JPA EntityManagerFactory for persistence unit 'default'
[2022-05-31T17:47:17.017Z] [com.zaxxer.hikari.HikariDataSource] [Thread-5] [350] [INFO ]
				HikariPool-1 - Shutdown initiated...
[2022-05-31T17:47:17.017Z] [com.zaxxer.hikari.HikariDataSource] [Thread-5] [352] [INFO ]
				HikariPool-1 - Shutdown completed.
[2022-05-31T17:47:17.017Z] [org.springframework.boot.StartupInfoLogger] [restartedMain] [55] [INFO ]
				Starting FirstSpringBootRestCrudApplication using Java 17.0.2 on DESKTOP-MO3C6OQ with PID 19708 (C:\New folder\interview\target\classes started by ADMIN in C:\New folder\interview)
[2022-05-31T17:47:17.017Z] [org.springframework.boot.SpringApplication] [restartedMain] [634] [INFO ]
				No active profile set, falling back to 1 default profile: "default"
[2022-05-31T17:47:17.017Z] [org.springframework.data.repository.config.RepositoryConfigurationDelegate] [restartedMain] [132] [INFO ]
				Bootstrapping Spring Data JPA repositories in DEFAULT mode.
[2022-05-31T17:47:17.017Z] [org.springframework.data.repository.config.RepositoryConfigurationDelegate] [restartedMain] [201] [INFO ]
				Finished Spring Data repository scanning in 46 ms. Found 5 JPA repository interfaces.
[2022-05-31T17:47:17.017Z] [org.springframework.boot.web.embedded.tomcat.TomcatWebServer] [restartedMain] [108] [INFO ]
				Tomcat initialized with port(s): 14050 (http)
[2022-05-31T17:47:17.017Z] [org.apache.juli.logging.DirectJDKLog] [restartedMain] [173] [INFO ]
				Initializing ProtocolHandler ["http-nio-14050"]
[2022-05-31T17:47:17.017Z] [org.apache.juli.logging.DirectJDKLog] [restartedMain] [173] [INFO ]
				Starting service [Tomcat]
[2022-05-31T17:47:17.017Z] [org.apache.juli.logging.DirectJDKLog] [restartedMain] [173] [INFO ]
				Starting Servlet engine: [Apache Tomcat/9.0.63]
[2022-05-31T17:47:17.017Z] [org.apache.juli.logging.DirectJDKLog] [restartedMain] [173] [INFO ]
				Initializing Spring embedded WebApplicationContext
[2022-05-31T17:47:17.017Z] [org.springframework.boot.web.servlet.context.ServletWebServerApplicationContext] [restartedMain] [292] [INFO ]
				Root WebApplicationContext: initialization completed in 598 ms
[2022-05-31T17:47:17.017Z] [org.hibernate.jpa.internal.util.LogHelper] [restartedMain] [31] [INFO ]
				HHH000204: Processing PersistenceUnitInfo [name: default]
[2022-05-31T17:47:17.017Z] [com.zaxxer.hikari.HikariDataSource] [restartedMain] [110] [INFO ]
				HikariPool-2 - Starting...
[2022-05-31T17:47:18.018Z] [com.zaxxer.hikari.HikariDataSource] [restartedMain] [123] [INFO ]
				HikariPool-2 - Start completed.
[2022-05-31T17:47:18.018Z] [org.hibernate.dialect.Dialect] [restartedMain] [175] [INFO ]
				HHH000400: Using dialect: org.hibernate.dialect.PostgreSQLDialect
[2022-05-31T17:47:18.018Z] [org.hibernate.engine.transaction.jta.platform.internal.JtaPlatformInitiator] [restartedMain] [52] [INFO ]
				HHH000490: Using JtaPlatform implementation: [org.hibernate.engine.transaction.jta.platform.internal.NoJtaPlatform]
[2022-05-31T17:47:18.018Z] [org.springframework.orm.jpa.AbstractEntityManagerFactoryBean] [restartedMain] [437] [INFO ]
				Initialized JPA EntityManagerFactory for persistence unit 'default'
[2022-05-31T17:47:18.018Z] [org.springframework.boot.autoconfigure.orm.jpa.JpaBaseConfiguration$JpaWebConfiguration] [restartedMain] [219] [WARN ]
				spring.jpa.open-in-view is enabled by default. Therefore, database queries may be performed during view rendering. Explicitly configure spring.jpa.open-in-view to disable this warning
[2022-05-31T17:47:18.018Z] [org.springframework.boot.devtools.autoconfigure.OptionalLiveReloadServer] [restartedMain] [58] [INFO ]
				LiveReload server is running on port 35729
[2022-05-31T17:47:18.018Z] [org.apache.juli.logging.DirectJDKLog] [restartedMain] [173] [INFO ]
				Starting ProtocolHandler ["http-nio-14050"]
[2022-05-31T17:47:18.018Z] [org.springframework.boot.web.embedded.tomcat.TomcatWebServer] [restartedMain] [220] [INFO ]
				Tomcat started on port(s): 14050 (http) with context path ''
[2022-05-31T17:47:18.018Z] [org.springframework.boot.StartupInfoLogger] [restartedMain] [61] [INFO ]
				Started FirstSpringBootRestCrudApplication in 1.634 seconds (JVM running for 296.107)
[2022-05-31T17:47:18.018Z] [org.springframework.boot.devtools.autoconfigure.ConditionEvaluationDeltaLoggingListener] [restartedMain] [63] [INFO ]
				Condition evaluation unchanged
[2022-05-31T17:47:29.029Z] [org.apache.juli.logging.DirectJDKLog] [http-nio-14050-exec-2] [173] [INFO ]
				Initializing Spring DispatcherServlet 'dispatcherServlet'
[2022-05-31T17:47:29.029Z] [org.springframework.web.servlet.FrameworkServlet] [http-nio-14050-exec-2] [525] [INFO ]
				Initializing Servlet 'dispatcherServlet'
[2022-05-31T17:47:29.029Z] [org.springframework.web.servlet.FrameworkServlet] [http-nio-14050-exec-2] [547] [INFO ]
				Completed initialization in 1 ms
